{"/Users/dap9rb/Projects/MCPs/LifeUp/src/client/constants.ts": {"path":"/Users/dap9rb/Projects/MCPs/LifeUp/src/client/constants.ts","all":false,"statementMap":{"4":{"start":{"line":5,"column":0},"end":{"line":5,"column":30}},"5":{"start":{"line":6,"column":0},"end":{"line":6,"column":22}},"6":{"start":{"line":7,"column":0},"end":{"line":7,"column":43}},"7":{"start":{"line":8,"column":0},"end":{"line":8,"column":18}},"8":{"start":{"line":9,"column":0},"end":{"line":9,"column":52}},"9":{"start":{"line":10,"column":0},"end":{"line":10,"column":39}},"10":{"start":{"line":11,"column":0},"end":{"line":11,"column":22}},"11":{"start":{"line":12,"column":0},"end":{"line":12,"column":18}},"12":{"start":{"line":13,"column":0},"end":{"line":13,"column":56}},"13":{"start":{"line":14,"column":0},"end":{"line":14,"column":39}},"14":{"start":{"line":15,"column":0},"end":{"line":15,"column":20}},"15":{"start":{"line":16,"column":0},"end":{"line":16,"column":32}},"16":{"start":{"line":17,"column":0},"end":{"line":17,"column":66}},"17":{"start":{"line":18,"column":0},"end":{"line":18,"column":52}},"18":{"start":{"line":19,"column":0},"end":{"line":19,"column":24}},"19":{"start":{"line":20,"column":0},"end":{"line":20,"column":26}},"20":{"start":{"line":21,"column":0},"end":{"line":21,"column":48}},"21":{"start":{"line":22,"column":0},"end":{"line":22,"column":40}},"22":{"start":{"line":23,"column":0},"end":{"line":23,"column":16}},"23":{"start":{"line":24,"column":0},"end":{"line":24,"column":16}},"24":{"start":{"line":25,"column":0},"end":{"line":25,"column":11}},"26":{"start":{"line":27,"column":0},"end":{"line":27,"column":35}},"28":{"start":{"line":29,"column":0},"end":{"line":29,"column":39}},"30":{"start":{"line":31,"column":0},"end":{"line":31,"column":38}},"32":{"start":{"line":33,"column":0},"end":{"line":33,"column":32}},"34":{"start":{"line":35,"column":0},"end":{"line":35,"column":42}},"36":{"start":{"line":37,"column":0},"end":{"line":37,"column":28}},"38":{"start":{"line":39,"column":0},"end":{"line":39,"column":34}},"40":{"start":{"line":41,"column":0},"end":{"line":41,"column":30}},"41":{"start":{"line":42,"column":0},"end":{"line":42,"column":11}},"44":{"start":{"line":45,"column":0},"end":{"line":45,"column":28}},"45":{"start":{"line":46,"column":0},"end":{"line":46,"column":12}},"46":{"start":{"line":47,"column":0},"end":{"line":47,"column":15}},"47":{"start":{"line":48,"column":0},"end":{"line":48,"column":14}},"48":{"start":{"line":49,"column":0},"end":{"line":49,"column":11}},"51":{"start":{"line":52,"column":0},"end":{"line":52,"column":30}},"52":{"start":{"line":53,"column":0},"end":{"line":53,"column":15}},"53":{"start":{"line":54,"column":0},"end":{"line":54,"column":20}},"54":{"start":{"line":55,"column":0},"end":{"line":55,"column":20}},"55":{"start":{"line":56,"column":0},"end":{"line":56,"column":32}},"56":{"start":{"line":57,"column":0},"end":{"line":57,"column":11}},"59":{"start":{"line":60,"column":0},"end":{"line":60,"column":31}},"60":{"start":{"line":61,"column":0},"end":{"line":61,"column":23}},"61":{"start":{"line":62,"column":0},"end":{"line":62,"column":14}},"62":{"start":{"line":63,"column":0},"end":{"line":63,"column":17}},"63":{"start":{"line":64,"column":0},"end":{"line":64,"column":13}},"64":{"start":{"line":65,"column":0},"end":{"line":65,"column":11}}},"s":{"4":1,"5":1,"6":1,"7":1,"8":1,"9":1,"10":1,"11":1,"12":1,"13":1,"14":1,"15":1,"16":1,"17":1,"18":1,"19":1,"20":1,"21":1,"22":1,"23":1,"24":1,"26":1,"28":1,"30":1,"32":1,"34":1,"36":1,"38":1,"40":1,"41":1,"44":1,"45":1,"46":1,"47":1,"48":1,"51":1,"52":1,"53":1,"54":1,"55":1,"56":1,"59":1,"60":1,"61":1,"62":1,"63":1,"64":1},"branchMap":{},"b":{},"fnMap":{"0":{"name":"TASKS_BY_CATEGORY","decl":{"start":{"line":9,"column":21},"end":{"line":9,"column":52}},"loc":{"start":{"line":9,"column":21},"end":{"line":9,"column":52}},"line":9},"1":{"name":"ITEMS_BY_LIST","decl":{"start":{"line":13,"column":17},"end":{"line":13,"column":56}},"loc":{"start":{"line":13,"column":17},"end":{"line":13,"column":56}},"line":13},"2":{"name":"ACHIEVEMENTS_BY_CATEGORY","decl":{"start":{"line":17,"column":28},"end":{"line":17,"column":66}},"loc":{"start":{"line":17,"column":28},"end":{"line":17,"column":66}},"line":17}},"f":{"0":0,"1":0,"2":0}}
,"/Users/dap9rb/Projects/MCPs/LifeUp/src/client/lifeup-client.ts": {"path":"/Users/dap9rb/Projects/MCPs/LifeUp/src/client/lifeup-client.ts","all":true,"statementMap":{"0":{"start":{"line":1,"column":0},"end":{"line":1,"column":3}},"11":{"start":{"line":12,"column":0},"end":{"line":12,"column":27}},"15":{"start":{"line":16,"column":0},"end":{"line":16,"column":70}},"16":{"start":{"line":17,"column":0},"end":{"line":17,"column":49}},"18":{"start":{"line":19,"column":0},"end":{"line":19,"column":24}},"19":{"start":{"line":20,"column":0},"end":{"line":20,"column":41}},"20":{"start":{"line":21,"column":0},"end":{"line":21,"column":12}},"21":{"start":{"line":22,"column":0},"end":{"line":22,"column":49}},"22":{"start":{"line":23,"column":0},"end":{"line":23,"column":41}},"23":{"start":{"line":24,"column":0},"end":{"line":24,"column":29}},"24":{"start":{"line":25,"column":0},"end":{"line":25,"column":29}},"25":{"start":{"line":26,"column":0},"end":{"line":26,"column":37}},"26":{"start":{"line":27,"column":0},"end":{"line":27,"column":9}},"27":{"start":{"line":28,"column":0},"end":{"line":28,"column":5}},"28":{"start":{"line":29,"column":0},"end":{"line":29,"column":3}},"34":{"start":{"line":35,"column":0},"end":{"line":35,"column":86}},"35":{"start":{"line":36,"column":0},"end":{"line":36,"column":51}},"36":{"start":{"line":37,"column":0},"end":{"line":37,"column":3}},"38":{"start":{"line":39,"column":0},"end":{"line":39,"column":50}},"39":{"start":{"line":40,"column":0},"end":{"line":40,"column":45}},"40":{"start":{"line":41,"column":0},"end":{"line":41,"column":41}},"41":{"start":{"line":42,"column":0},"end":{"line":42,"column":6}},"43":{"start":{"line":44,"column":0},"end":{"line":44,"column":51}},"44":{"start":{"line":45,"column":0},"end":{"line":45,"column":16}},"45":{"start":{"line":46,"column":0},"end":{"line":46,"column":39}},"46":{"start":{"line":47,"column":0},"end":{"line":47,"column":5}},"48":{"start":{"line":49,"column":0},"end":{"line":49,"column":19}},"49":{"start":{"line":50,"column":0},"end":{"line":50,"column":3}},"54":{"start":{"line":55,"column":0},"end":{"line":55,"column":41}},"55":{"start":{"line":56,"column":0},"end":{"line":56,"column":9}},"56":{"start":{"line":57,"column":0},"end":{"line":57,"column":57}},"57":{"start":{"line":58,"column":0},"end":{"line":58,"column":37}},"58":{"start":{"line":59,"column":0},"end":{"line":59,"column":21}},"59":{"start":{"line":60,"column":0},"end":{"line":60,"column":66}},"60":{"start":{"line":61,"column":0},"end":{"line":61,"column":19}},"61":{"start":{"line":62,"column":0},"end":{"line":62,"column":5}},"62":{"start":{"line":63,"column":0},"end":{"line":63,"column":3}},"67":{"start":{"line":68,"column":0},"end":{"line":68,"column":82}},"68":{"start":{"line":69,"column":0},"end":{"line":69,"column":9}},"69":{"start":{"line":70,"column":0},"end":{"line":70,"column":48}},"70":{"start":{"line":71,"column":0},"end":{"line":71,"column":74}},"72":{"start":{"line":73,"column":0},"end":{"line":73,"column":59}},"74":{"start":{"line":75,"column":0},"end":{"line":75,"column":52}},"77":{"start":{"line":78,"column":0},"end":{"line":78,"column":61}},"78":{"start":{"line":79,"column":0},"end":{"line":79,"column":7}},"80":{"start":{"line":81,"column":0},"end":{"line":81,"column":28}},"81":{"start":{"line":82,"column":0},"end":{"line":82,"column":53}},"82":{"start":{"line":83,"column":0},"end":{"line":83,"column":31}},"83":{"start":{"line":84,"column":0},"end":{"line":84,"column":53}},"84":{"start":{"line":85,"column":0},"end":{"line":85,"column":13}},"85":{"start":{"line":86,"column":0},"end":{"line":86,"column":8}},"86":{"start":{"line":87,"column":0},"end":{"line":87,"column":21}},"87":{"start":{"line":88,"column":0},"end":{"line":88,"column":41}},"88":{"start":{"line":89,"column":0},"end":{"line":89,"column":20}},"89":{"start":{"line":90,"column":0},"end":{"line":90,"column":7}},"91":{"start":{"line":92,"column":0},"end":{"line":92,"column":40}},"92":{"start":{"line":93,"column":0},"end":{"line":93,"column":53}},"93":{"start":{"line":94,"column":0},"end":{"line":94,"column":7}},"95":{"start":{"line":96,"column":0},"end":{"line":96,"column":28}},"96":{"start":{"line":97,"column":0},"end":{"line":97,"column":70}},"97":{"start":{"line":98,"column":0},"end":{"line":98,"column":24}},"98":{"start":{"line":99,"column":0},"end":{"line":99,"column":64}},"99":{"start":{"line":100,"column":0},"end":{"line":100,"column":13}},"100":{"start":{"line":101,"column":0},"end":{"line":101,"column":8}},"101":{"start":{"line":102,"column":0},"end":{"line":102,"column":5}},"102":{"start":{"line":103,"column":0},"end":{"line":103,"column":3}},"107":{"start":{"line":108,"column":0},"end":{"line":108,"column":66}},"108":{"start":{"line":109,"column":0},"end":{"line":109,"column":41}},"109":{"start":{"line":110,"column":0},"end":{"line":110,"column":40}},"111":{"start":{"line":112,"column":0},"end":{"line":112,"column":36}},"112":{"start":{"line":113,"column":0},"end":{"line":113,"column":48}},"113":{"start":{"line":114,"column":0},"end":{"line":114,"column":5}},"114":{"start":{"line":115,"column":0},"end":{"line":115,"column":37}},"115":{"start":{"line":116,"column":0},"end":{"line":116,"column":50}},"116":{"start":{"line":117,"column":0},"end":{"line":117,"column":5}},"117":{"start":{"line":118,"column":0},"end":{"line":118,"column":40}},"118":{"start":{"line":119,"column":0},"end":{"line":119,"column":57}},"119":{"start":{"line":120,"column":0},"end":{"line":120,"column":5}},"120":{"start":{"line":121,"column":0},"end":{"line":121,"column":43}},"121":{"start":{"line":122,"column":0},"end":{"line":122,"column":60}},"122":{"start":{"line":123,"column":0},"end":{"line":123,"column":5}},"123":{"start":{"line":124,"column":0},"end":{"line":124,"column":41}},"124":{"start":{"line":125,"column":0},"end":{"line":125,"column":58}},"125":{"start":{"line":126,"column":0},"end":{"line":126,"column":5}},"126":{"start":{"line":127,"column":0},"end":{"line":127,"column":40}},"127":{"start":{"line":128,"column":0},"end":{"line":128,"column":46}},"128":{"start":{"line":129,"column":0},"end":{"line":129,"column":5}},"129":{"start":{"line":130,"column":0},"end":{"line":130,"column":72}},"130":{"start":{"line":131,"column":0},"end":{"line":131,"column":38}},"131":{"start":{"line":132,"column":0},"end":{"line":132,"column":44}},"132":{"start":{"line":133,"column":0},"end":{"line":133,"column":9}},"133":{"start":{"line":134,"column":0},"end":{"line":134,"column":5}},"135":{"start":{"line":136,"column":0},"end":{"line":136,"column":90}},"136":{"start":{"line":137,"column":0},"end":{"line":137,"column":3}},"141":{"start":{"line":142,"column":0},"end":{"line":142,"column":76}},"142":{"start":{"line":143,"column":0},"end":{"line":143,"column":9}},"143":{"start":{"line":144,"column":0},"end":{"line":144,"column":102}},"144":{"start":{"line":145,"column":0},"end":{"line":145,"column":89}},"145":{"start":{"line":146,"column":0},"end":{"line":146,"column":75}},"146":{"start":{"line":147,"column":0},"end":{"line":147,"column":27}},"147":{"start":{"line":148,"column":0},"end":{"line":148,"column":21}},"148":{"start":{"line":149,"column":0},"end":{"line":149,"column":110}},"149":{"start":{"line":150,"column":0},"end":{"line":150,"column":40}},"150":{"start":{"line":151,"column":0},"end":{"line":151,"column":53}},"151":{"start":{"line":152,"column":0},"end":{"line":152,"column":7}},"152":{"start":{"line":153,"column":0},"end":{"line":153,"column":18}},"153":{"start":{"line":154,"column":0},"end":{"line":154,"column":5}},"154":{"start":{"line":155,"column":0},"end":{"line":155,"column":3}},"159":{"start":{"line":160,"column":0},"end":{"line":160,"column":46}},"160":{"start":{"line":161,"column":0},"end":{"line":161,"column":9}},"161":{"start":{"line":162,"column":0},"end":{"line":162,"column":86}},"162":{"start":{"line":163,"column":0},"end":{"line":163,"column":27}},"163":{"start":{"line":164,"column":0},"end":{"line":164,"column":8}},"165":{"start":{"line":166,"column":0},"end":{"line":166,"column":94}},"166":{"start":{"line":167,"column":0},"end":{"line":167,"column":34}},"167":{"start":{"line":168,"column":0},"end":{"line":168,"column":7}},"169":{"start":{"line":170,"column":0},"end":{"line":170,"column":28}},"170":{"start":{"line":171,"column":0},"end":{"line":171,"column":58}},"171":{"start":{"line":172,"column":0},"end":{"line":172,"column":29}},"172":{"start":{"line":173,"column":0},"end":{"line":173,"column":58}},"173":{"start":{"line":174,"column":0},"end":{"line":174,"column":13}},"174":{"start":{"line":175,"column":0},"end":{"line":175,"column":8}},"175":{"start":{"line":176,"column":0},"end":{"line":176,"column":21}},"176":{"start":{"line":177,"column":0},"end":{"line":177,"column":41}},"177":{"start":{"line":178,"column":0},"end":{"line":178,"column":20}},"178":{"start":{"line":179,"column":0},"end":{"line":179,"column":7}},"180":{"start":{"line":181,"column":0},"end":{"line":181,"column":40}},"181":{"start":{"line":182,"column":0},"end":{"line":182,"column":53}},"182":{"start":{"line":183,"column":0},"end":{"line":183,"column":7}},"184":{"start":{"line":185,"column":0},"end":{"line":185,"column":28}},"185":{"start":{"line":186,"column":0},"end":{"line":186,"column":60}},"186":{"start":{"line":187,"column":0},"end":{"line":187,"column":22}},"187":{"start":{"line":188,"column":0},"end":{"line":188,"column":50}},"188":{"start":{"line":189,"column":0},"end":{"line":189,"column":13}},"189":{"start":{"line":190,"column":0},"end":{"line":190,"column":8}},"190":{"start":{"line":191,"column":0},"end":{"line":191,"column":5}},"191":{"start":{"line":192,"column":0},"end":{"line":192,"column":3}},"196":{"start":{"line":197,"column":0},"end":{"line":197,"column":71}},"197":{"start":{"line":198,"column":0},"end":{"line":198,"column":9}},"198":{"start":{"line":199,"column":0},"end":{"line":199,"column":86}},"199":{"start":{"line":200,"column":0},"end":{"line":200,"column":51}},"200":{"start":{"line":201,"column":0},"end":{"line":201,"column":8}},"202":{"start":{"line":203,"column":0},"end":{"line":203,"column":94}},"203":{"start":{"line":204,"column":0},"end":{"line":204,"column":34}},"204":{"start":{"line":205,"column":0},"end":{"line":205,"column":7}},"206":{"start":{"line":207,"column":0},"end":{"line":207,"column":16}},"207":{"start":{"line":208,"column":0},"end":{"line":208,"column":21}},"208":{"start":{"line":209,"column":0},"end":{"line":209,"column":40}},"209":{"start":{"line":210,"column":0},"end":{"line":210,"column":53}},"210":{"start":{"line":211,"column":0},"end":{"line":211,"column":7}},"211":{"start":{"line":212,"column":0},"end":{"line":212,"column":18}},"212":{"start":{"line":213,"column":0},"end":{"line":213,"column":5}},"213":{"start":{"line":214,"column":0},"end":{"line":214,"column":3}},"218":{"start":{"line":219,"column":0},"end":{"line":219,"column":56}},"219":{"start":{"line":220,"column":0},"end":{"line":220,"column":9}},"220":{"start":{"line":221,"column":0},"end":{"line":221,"column":90}},"221":{"start":{"line":222,"column":0},"end":{"line":222,"column":37}},"222":{"start":{"line":223,"column":0},"end":{"line":223,"column":8}},"224":{"start":{"line":225,"column":0},"end":{"line":225,"column":94}},"225":{"start":{"line":226,"column":0},"end":{"line":226,"column":34}},"226":{"start":{"line":227,"column":0},"end":{"line":227,"column":7}},"228":{"start":{"line":229,"column":0},"end":{"line":229,"column":16}},"229":{"start":{"line":230,"column":0},"end":{"line":230,"column":21}},"230":{"start":{"line":231,"column":0},"end":{"line":231,"column":40}},"231":{"start":{"line":232,"column":0},"end":{"line":232,"column":53}},"232":{"start":{"line":233,"column":0},"end":{"line":233,"column":7}},"233":{"start":{"line":234,"column":0},"end":{"line":234,"column":18}},"234":{"start":{"line":235,"column":0},"end":{"line":235,"column":5}},"235":{"start":{"line":236,"column":0},"end":{"line":236,"column":3}},"240":{"start":{"line":241,"column":0},"end":{"line":241,"column":65}},"241":{"start":{"line":242,"column":0},"end":{"line":242,"column":9}},"242":{"start":{"line":243,"column":0},"end":{"line":243,"column":72}},"243":{"start":{"line":244,"column":0},"end":{"line":244,"column":30}},"244":{"start":{"line":245,"column":0},"end":{"line":245,"column":9}},"245":{"start":{"line":246,"column":0},"end":{"line":246,"column":36}},"246":{"start":{"line":247,"column":0},"end":{"line":247,"column":9}},"247":{"start":{"line":248,"column":0},"end":{"line":248,"column":8}},"249":{"start":{"line":250,"column":0},"end":{"line":250,"column":94}},"250":{"start":{"line":251,"column":0},"end":{"line":251,"column":34}},"251":{"start":{"line":252,"column":0},"end":{"line":252,"column":7}},"253":{"start":{"line":254,"column":0},"end":{"line":254,"column":16}},"254":{"start":{"line":255,"column":0},"end":{"line":255,"column":21}},"255":{"start":{"line":256,"column":0},"end":{"line":256,"column":40}},"256":{"start":{"line":257,"column":0},"end":{"line":257,"column":53}},"257":{"start":{"line":258,"column":0},"end":{"line":258,"column":7}},"258":{"start":{"line":259,"column":0},"end":{"line":259,"column":18}},"259":{"start":{"line":260,"column":0},"end":{"line":260,"column":5}},"260":{"start":{"line":261,"column":0},"end":{"line":261,"column":3}},"265":{"start":{"line":266,"column":0},"end":{"line":266,"column":63}},"266":{"start":{"line":267,"column":0},"end":{"line":267,"column":9}},"267":{"start":{"line":268,"column":0},"end":{"line":268,"column":90}},"268":{"start":{"line":269,"column":0},"end":{"line":269,"column":44}},"269":{"start":{"line":270,"column":0},"end":{"line":270,"column":8}},"271":{"start":{"line":272,"column":0},"end":{"line":272,"column":94}},"272":{"start":{"line":273,"column":0},"end":{"line":273,"column":34}},"273":{"start":{"line":274,"column":0},"end":{"line":274,"column":7}},"275":{"start":{"line":276,"column":0},"end":{"line":276,"column":16}},"276":{"start":{"line":277,"column":0},"end":{"line":277,"column":21}},"277":{"start":{"line":278,"column":0},"end":{"line":278,"column":40}},"278":{"start":{"line":279,"column":0},"end":{"line":279,"column":53}},"279":{"start":{"line":280,"column":0},"end":{"line":280,"column":7}},"280":{"start":{"line":281,"column":0},"end":{"line":281,"column":18}},"281":{"start":{"line":282,"column":0},"end":{"line":282,"column":5}},"282":{"start":{"line":283,"column":0},"end":{"line":283,"column":3}},"287":{"start":{"line":288,"column":0},"end":{"line":288,"column":64}},"288":{"start":{"line":289,"column":0},"end":{"line":289,"column":9}},"289":{"start":{"line":290,"column":0},"end":{"line":290,"column":93}},"290":{"start":{"line":291,"column":0},"end":{"line":291,"column":34}},"291":{"start":{"line":292,"column":0},"end":{"line":292,"column":8}},"293":{"start":{"line":294,"column":0},"end":{"line":294,"column":94}},"294":{"start":{"line":295,"column":0},"end":{"line":295,"column":34}},"295":{"start":{"line":296,"column":0},"end":{"line":296,"column":7}},"298":{"start":{"line":299,"column":0},"end":{"line":299,"column":72}},"299":{"start":{"line":300,"column":0},"end":{"line":300,"column":107}},"300":{"start":{"line":301,"column":0},"end":{"line":301,"column":20}},"301":{"start":{"line":302,"column":0},"end":{"line":302,"column":7}},"303":{"start":{"line":304,"column":0},"end":{"line":304,"column":16}},"304":{"start":{"line":305,"column":0},"end":{"line":305,"column":21}},"305":{"start":{"line":306,"column":0},"end":{"line":306,"column":40}},"306":{"start":{"line":307,"column":0},"end":{"line":307,"column":82}},"307":{"start":{"line":308,"column":0},"end":{"line":308,"column":87}},"308":{"start":{"line":309,"column":0},"end":{"line":309,"column":41}},"309":{"start":{"line":310,"column":0},"end":{"line":310,"column":7}},"310":{"start":{"line":311,"column":0},"end":{"line":311,"column":18}},"311":{"start":{"line":312,"column":0},"end":{"line":312,"column":5}},"312":{"start":{"line":313,"column":0},"end":{"line":313,"column":3}},"317":{"start":{"line":318,"column":0},"end":{"line":318,"column":53}},"318":{"start":{"line":319,"column":0},"end":{"line":319,"column":9}},"319":{"start":{"line":320,"column":0},"end":{"line":320,"column":90}},"320":{"start":{"line":321,"column":0},"end":{"line":321,"column":26}},"321":{"start":{"line":322,"column":0},"end":{"line":322,"column":8}},"323":{"start":{"line":324,"column":0},"end":{"line":324,"column":57}},"324":{"start":{"line":325,"column":0},"end":{"line":325,"column":40}},"325":{"start":{"line":326,"column":0},"end":{"line":326,"column":7}},"327":{"start":{"line":328,"column":0},"end":{"line":328,"column":18}},"328":{"start":{"line":329,"column":0},"end":{"line":329,"column":21}},"329":{"start":{"line":330,"column":0},"end":{"line":330,"column":40}},"330":{"start":{"line":331,"column":0},"end":{"line":331,"column":53}},"331":{"start":{"line":332,"column":0},"end":{"line":332,"column":7}},"332":{"start":{"line":333,"column":0},"end":{"line":333,"column":18}},"333":{"start":{"line":334,"column":0},"end":{"line":334,"column":5}},"334":{"start":{"line":335,"column":0},"end":{"line":335,"column":3}},"339":{"start":{"line":340,"column":0},"end":{"line":340,"column":37}},"340":{"start":{"line":341,"column":0},"end":{"line":341,"column":9}},"341":{"start":{"line":342,"column":0},"end":{"line":342,"column":72}},"342":{"start":{"line":343,"column":0},"end":{"line":343,"column":26}},"343":{"start":{"line":344,"column":0},"end":{"line":344,"column":8}},"345":{"start":{"line":346,"column":0},"end":{"line":346,"column":57}},"346":{"start":{"line":347,"column":0},"end":{"line":347,"column":34}},"347":{"start":{"line":348,"column":0},"end":{"line":348,"column":7}},"349":{"start":{"line":350,"column":0},"end":{"line":350,"column":18}},"350":{"start":{"line":351,"column":0},"end":{"line":351,"column":21}},"351":{"start":{"line":352,"column":0},"end":{"line":352,"column":40}},"352":{"start":{"line":353,"column":0},"end":{"line":353,"column":53}},"353":{"start":{"line":354,"column":0},"end":{"line":354,"column":7}},"354":{"start":{"line":355,"column":0},"end":{"line":355,"column":18}},"355":{"start":{"line":356,"column":0},"end":{"line":356,"column":5}},"356":{"start":{"line":357,"column":0},"end":{"line":357,"column":3}},"361":{"start":{"line":362,"column":0},"end":{"line":362,"column":45}},"362":{"start":{"line":363,"column":0},"end":{"line":363,"column":9}},"363":{"start":{"line":364,"column":0},"end":{"line":364,"column":87}},"364":{"start":{"line":365,"column":0},"end":{"line":365,"column":28}},"365":{"start":{"line":366,"column":0},"end":{"line":366,"column":8}},"367":{"start":{"line":368,"column":0},"end":{"line":368,"column":94}},"368":{"start":{"line":369,"column":0},"end":{"line":369,"column":34}},"369":{"start":{"line":370,"column":0},"end":{"line":370,"column":7}},"371":{"start":{"line":372,"column":0},"end":{"line":372,"column":16}},"372":{"start":{"line":373,"column":0},"end":{"line":373,"column":21}},"373":{"start":{"line":374,"column":0},"end":{"line":374,"column":40}},"374":{"start":{"line":375,"column":0},"end":{"line":375,"column":53}},"375":{"start":{"line":376,"column":0},"end":{"line":376,"column":7}},"376":{"start":{"line":377,"column":0},"end":{"line":377,"column":16}},"377":{"start":{"line":378,"column":0},"end":{"line":378,"column":5}},"378":{"start":{"line":379,"column":0},"end":{"line":379,"column":3}},"383":{"start":{"line":384,"column":0},"end":{"line":384,"column":47}},"384":{"start":{"line":385,"column":0},"end":{"line":385,"column":9}},"385":{"start":{"line":386,"column":0},"end":{"line":386,"column":86}},"386":{"start":{"line":387,"column":0},"end":{"line":387,"column":27}},"387":{"start":{"line":388,"column":0},"end":{"line":388,"column":8}},"389":{"start":{"line":390,"column":0},"end":{"line":390,"column":94}},"390":{"start":{"line":391,"column":0},"end":{"line":391,"column":34}},"391":{"start":{"line":392,"column":0},"end":{"line":392,"column":7}},"393":{"start":{"line":394,"column":0},"end":{"line":394,"column":16}},"394":{"start":{"line":395,"column":0},"end":{"line":395,"column":21}},"395":{"start":{"line":396,"column":0},"end":{"line":396,"column":40}},"396":{"start":{"line":397,"column":0},"end":{"line":397,"column":53}},"397":{"start":{"line":398,"column":0},"end":{"line":398,"column":7}},"398":{"start":{"line":399,"column":0},"end":{"line":399,"column":16}},"399":{"start":{"line":400,"column":0},"end":{"line":400,"column":5}},"400":{"start":{"line":401,"column":0},"end":{"line":401,"column":3}},"405":{"start":{"line":406,"column":0},"end":{"line":406,"column":56}},"406":{"start":{"line":407,"column":0},"end":{"line":407,"column":9}},"407":{"start":{"line":408,"column":0},"end":{"line":408,"column":90}},"408":{"start":{"line":409,"column":0},"end":{"line":409,"column":37}},"409":{"start":{"line":410,"column":0},"end":{"line":410,"column":8}},"411":{"start":{"line":412,"column":0},"end":{"line":412,"column":94}},"412":{"start":{"line":413,"column":0},"end":{"line":413,"column":34}},"413":{"start":{"line":414,"column":0},"end":{"line":414,"column":7}},"415":{"start":{"line":416,"column":0},"end":{"line":416,"column":16}},"416":{"start":{"line":417,"column":0},"end":{"line":417,"column":21}},"417":{"start":{"line":418,"column":0},"end":{"line":418,"column":40}},"418":{"start":{"line":419,"column":0},"end":{"line":419,"column":53}},"419":{"start":{"line":420,"column":0},"end":{"line":420,"column":7}},"420":{"start":{"line":421,"column":0},"end":{"line":421,"column":16}},"421":{"start":{"line":422,"column":0},"end":{"line":422,"column":5}},"422":{"start":{"line":423,"column":0},"end":{"line":423,"column":3}},"427":{"start":{"line":428,"column":0},"end":{"line":428,"column":97}},"428":{"start":{"line":429,"column":0},"end":{"line":429,"column":9}},"429":{"start":{"line":430,"column":0},"end":{"line":430,"column":52}},"430":{"start":{"line":431,"column":0},"end":{"line":431,"column":56}},"432":{"start":{"line":433,"column":0},"end":{"line":433,"column":52}},"433":{"start":{"line":434,"column":0},"end":{"line":434,"column":24}},"434":{"start":{"line":435,"column":0},"end":{"line":435,"column":7}},"436":{"start":{"line":437,"column":0},"end":{"line":437,"column":28}},"437":{"start":{"line":438,"column":0},"end":{"line":438,"column":60}},"438":{"start":{"line":439,"column":0},"end":{"line":439,"column":38}},"439":{"start":{"line":440,"column":0},"end":{"line":440,"column":60}},"440":{"start":{"line":441,"column":0},"end":{"line":441,"column":13}},"441":{"start":{"line":442,"column":0},"end":{"line":442,"column":8}},"442":{"start":{"line":443,"column":0},"end":{"line":443,"column":21}},"443":{"start":{"line":444,"column":0},"end":{"line":444,"column":41}},"444":{"start":{"line":445,"column":0},"end":{"line":445,"column":20}},"445":{"start":{"line":446,"column":0},"end":{"line":446,"column":7}},"447":{"start":{"line":448,"column":0},"end":{"line":448,"column":40}},"448":{"start":{"line":449,"column":0},"end":{"line":449,"column":53}},"449":{"start":{"line":450,"column":0},"end":{"line":450,"column":7}},"451":{"start":{"line":452,"column":0},"end":{"line":452,"column":28}},"452":{"start":{"line":453,"column":0},"end":{"line":453,"column":77}},"453":{"start":{"line":454,"column":0},"end":{"line":454,"column":24}},"454":{"start":{"line":455,"column":0},"end":{"line":455,"column":71}},"455":{"start":{"line":456,"column":0},"end":{"line":456,"column":13}},"456":{"start":{"line":457,"column":0},"end":{"line":457,"column":8}},"457":{"start":{"line":458,"column":0},"end":{"line":458,"column":5}},"458":{"start":{"line":459,"column":0},"end":{"line":459,"column":3}},"463":{"start":{"line":464,"column":0},"end":{"line":464,"column":97}},"464":{"start":{"line":465,"column":0},"end":{"line":465,"column":9}},"465":{"start":{"line":466,"column":0},"end":{"line":466,"column":52}},"466":{"start":{"line":467,"column":0},"end":{"line":467,"column":56}},"468":{"start":{"line":469,"column":0},"end":{"line":469,"column":52}},"469":{"start":{"line":470,"column":0},"end":{"line":470,"column":24}},"470":{"start":{"line":471,"column":0},"end":{"line":471,"column":7}},"472":{"start":{"line":473,"column":0},"end":{"line":473,"column":28}},"473":{"start":{"line":474,"column":0},"end":{"line":474,"column":60}},"474":{"start":{"line":475,"column":0},"end":{"line":475,"column":36}},"475":{"start":{"line":476,"column":0},"end":{"line":476,"column":60}},"476":{"start":{"line":477,"column":0},"end":{"line":477,"column":13}},"477":{"start":{"line":478,"column":0},"end":{"line":478,"column":8}},"478":{"start":{"line":479,"column":0},"end":{"line":479,"column":21}},"479":{"start":{"line":480,"column":0},"end":{"line":480,"column":41}},"480":{"start":{"line":481,"column":0},"end":{"line":481,"column":20}},"481":{"start":{"line":482,"column":0},"end":{"line":482,"column":7}},"483":{"start":{"line":484,"column":0},"end":{"line":484,"column":40}},"484":{"start":{"line":485,"column":0},"end":{"line":485,"column":53}},"485":{"start":{"line":486,"column":0},"end":{"line":486,"column":7}},"487":{"start":{"line":488,"column":0},"end":{"line":488,"column":28}},"488":{"start":{"line":489,"column":0},"end":{"line":489,"column":77}},"489":{"start":{"line":490,"column":0},"end":{"line":490,"column":24}},"490":{"start":{"line":491,"column":0},"end":{"line":491,"column":71}},"491":{"start":{"line":492,"column":0},"end":{"line":492,"column":13}},"492":{"start":{"line":493,"column":0},"end":{"line":493,"column":8}},"493":{"start":{"line":494,"column":0},"end":{"line":494,"column":5}},"494":{"start":{"line":495,"column":0},"end":{"line":495,"column":3}},"499":{"start":{"line":500,"column":0},"end":{"line":500,"column":97}},"500":{"start":{"line":501,"column":0},"end":{"line":501,"column":9}},"501":{"start":{"line":502,"column":0},"end":{"line":502,"column":58}},"502":{"start":{"line":503,"column":0},"end":{"line":503,"column":56}},"504":{"start":{"line":505,"column":0},"end":{"line":505,"column":52}},"505":{"start":{"line":506,"column":0},"end":{"line":506,"column":24}},"506":{"start":{"line":507,"column":0},"end":{"line":507,"column":7}},"508":{"start":{"line":509,"column":0},"end":{"line":509,"column":28}},"509":{"start":{"line":510,"column":0},"end":{"line":510,"column":60}},"510":{"start":{"line":511,"column":0},"end":{"line":511,"column":36}},"511":{"start":{"line":512,"column":0},"end":{"line":512,"column":60}},"512":{"start":{"line":513,"column":0},"end":{"line":513,"column":13}},"513":{"start":{"line":514,"column":0},"end":{"line":514,"column":8}},"514":{"start":{"line":515,"column":0},"end":{"line":515,"column":21}},"515":{"start":{"line":516,"column":0},"end":{"line":516,"column":41}},"516":{"start":{"line":517,"column":0},"end":{"line":517,"column":20}},"517":{"start":{"line":518,"column":0},"end":{"line":518,"column":7}},"519":{"start":{"line":520,"column":0},"end":{"line":520,"column":40}},"520":{"start":{"line":521,"column":0},"end":{"line":521,"column":53}},"521":{"start":{"line":522,"column":0},"end":{"line":522,"column":7}},"523":{"start":{"line":524,"column":0},"end":{"line":524,"column":28}},"524":{"start":{"line":525,"column":0},"end":{"line":525,"column":77}},"525":{"start":{"line":526,"column":0},"end":{"line":526,"column":24}},"526":{"start":{"line":527,"column":0},"end":{"line":527,"column":71}},"527":{"start":{"line":528,"column":0},"end":{"line":528,"column":13}},"528":{"start":{"line":529,"column":0},"end":{"line":529,"column":8}},"529":{"start":{"line":530,"column":0},"end":{"line":530,"column":5}},"530":{"start":{"line":531,"column":0},"end":{"line":531,"column":3}},"535":{"start":{"line":536,"column":0},"end":{"line":536,"column":113}},"536":{"start":{"line":537,"column":0},"end":{"line":537,"column":41}},"539":{"start":{"line":540,"column":0},"end":{"line":540,"column":50}},"540":{"start":{"line":541,"column":0},"end":{"line":541,"column":56}},"541":{"start":{"line":542,"column":0},"end":{"line":542,"column":5}},"544":{"start":{"line":545,"column":0},"end":{"line":545,"column":58}},"545":{"start":{"line":546,"column":0},"end":{"line":546,"column":87}},"548":{"start":{"line":549,"column":0},"end":{"line":549,"column":58}},"549":{"start":{"line":550,"column":0},"end":{"line":550,"column":77}},"550":{"start":{"line":551,"column":0},"end":{"line":551,"column":80}},"551":{"start":{"line":552,"column":0},"end":{"line":552,"column":92}},"554":{"start":{"line":555,"column":0},"end":{"line":555,"column":62}},"555":{"start":{"line":556,"column":0},"end":{"line":556,"column":60}},"556":{"start":{"line":557,"column":0},"end":{"line":557,"column":5}},"557":{"start":{"line":558,"column":0},"end":{"line":558,"column":60}},"558":{"start":{"line":559,"column":0},"end":{"line":559,"column":58}},"559":{"start":{"line":560,"column":0},"end":{"line":560,"column":5}},"562":{"start":{"line":563,"column":0},"end":{"line":563,"column":72}},"563":{"start":{"line":564,"column":0},"end":{"line":564,"column":80}},"564":{"start":{"line":565,"column":0},"end":{"line":565,"column":5}},"567":{"start":{"line":568,"column":0},"end":{"line":568,"column":54}},"568":{"start":{"line":569,"column":0},"end":{"line":569,"column":43}},"569":{"start":{"line":570,"column":0},"end":{"line":570,"column":49}},"570":{"start":{"line":571,"column":0},"end":{"line":571,"column":9}},"571":{"start":{"line":572,"column":0},"end":{"line":572,"column":5}},"574":{"start":{"line":575,"column":0},"end":{"line":575,"column":52}},"575":{"start":{"line":576,"column":0},"end":{"line":576,"column":60}},"576":{"start":{"line":577,"column":0},"end":{"line":577,"column":5}},"579":{"start":{"line":580,"column":0},"end":{"line":580,"column":89}},"580":{"start":{"line":581,"column":0},"end":{"line":581,"column":101}},"583":{"start":{"line":584,"column":0},"end":{"line":584,"column":97}},"584":{"start":{"line":585,"column":0},"end":{"line":585,"column":103}},"585":{"start":{"line":586,"column":0},"end":{"line":586,"column":76}},"586":{"start":{"line":587,"column":0},"end":{"line":587,"column":79}},"587":{"start":{"line":588,"column":0},"end":{"line":588,"column":5}},"590":{"start":{"line":591,"column":0},"end":{"line":591,"column":24}},"591":{"start":{"line":592,"column":0},"end":{"line":592,"column":64}},"592":{"start":{"line":593,"column":0},"end":{"line":593,"column":5}},"594":{"start":{"line":595,"column":0},"end":{"line":595,"column":95}},"595":{"start":{"line":596,"column":0},"end":{"line":596,"column":15}},"596":{"start":{"line":597,"column":0},"end":{"line":597,"column":3}},"601":{"start":{"line":602,"column":0},"end":{"line":602,"column":86}},"602":{"start":{"line":603,"column":0},"end":{"line":603,"column":41}},"603":{"start":{"line":604,"column":0},"end":{"line":604,"column":54}},"604":{"start":{"line":605,"column":0},"end":{"line":605,"column":36}},"606":{"start":{"line":607,"column":0},"end":{"line":607,"column":73}},"607":{"start":{"line":608,"column":0},"end":{"line":608,"column":15}},"608":{"start":{"line":609,"column":0},"end":{"line":609,"column":3}},"613":{"start":{"line":614,"column":0},"end":{"line":614,"column":79}},"614":{"start":{"line":615,"column":0},"end":{"line":615,"column":9}},"615":{"start":{"line":616,"column":0},"end":{"line":616,"column":49}},"616":{"start":{"line":617,"column":0},"end":{"line":617,"column":56}},"618":{"start":{"line":619,"column":0},"end":{"line":619,"column":52}},"619":{"start":{"line":620,"column":0},"end":{"line":620,"column":24}},"620":{"start":{"line":621,"column":0},"end":{"line":621,"column":7}},"622":{"start":{"line":623,"column":0},"end":{"line":623,"column":28}},"623":{"start":{"line":624,"column":0},"end":{"line":624,"column":51}},"624":{"start":{"line":625,"column":0},"end":{"line":625,"column":27}},"625":{"start":{"line":626,"column":0},"end":{"line":626,"column":51}},"626":{"start":{"line":627,"column":0},"end":{"line":627,"column":13}},"627":{"start":{"line":628,"column":0},"end":{"line":628,"column":8}},"628":{"start":{"line":629,"column":0},"end":{"line":629,"column":21}},"629":{"start":{"line":630,"column":0},"end":{"line":630,"column":41}},"630":{"start":{"line":631,"column":0},"end":{"line":631,"column":20}},"631":{"start":{"line":632,"column":0},"end":{"line":632,"column":7}},"633":{"start":{"line":634,"column":0},"end":{"line":634,"column":40}},"634":{"start":{"line":635,"column":0},"end":{"line":635,"column":53}},"635":{"start":{"line":636,"column":0},"end":{"line":636,"column":7}},"637":{"start":{"line":638,"column":0},"end":{"line":638,"column":28}},"638":{"start":{"line":639,"column":0},"end":{"line":639,"column":69}},"639":{"start":{"line":640,"column":0},"end":{"line":640,"column":24}},"640":{"start":{"line":641,"column":0},"end":{"line":641,"column":63}},"641":{"start":{"line":642,"column":0},"end":{"line":642,"column":13}},"642":{"start":{"line":643,"column":0},"end":{"line":643,"column":8}},"643":{"start":{"line":644,"column":0},"end":{"line":644,"column":5}},"644":{"start":{"line":645,"column":0},"end":{"line":645,"column":3}},"649":{"start":{"line":650,"column":0},"end":{"line":650,"column":85}},"650":{"start":{"line":651,"column":0},"end":{"line":651,"column":9}},"651":{"start":{"line":652,"column":0},"end":{"line":652,"column":52}},"652":{"start":{"line":653,"column":0},"end":{"line":653,"column":56}},"654":{"start":{"line":655,"column":0},"end":{"line":655,"column":52}},"655":{"start":{"line":656,"column":0},"end":{"line":656,"column":24}},"656":{"start":{"line":657,"column":0},"end":{"line":657,"column":7}},"658":{"start":{"line":659,"column":0},"end":{"line":659,"column":28}},"659":{"start":{"line":660,"column":0},"end":{"line":660,"column":55}},"660":{"start":{"line":661,"column":0},"end":{"line":661,"column":26}},"661":{"start":{"line":662,"column":0},"end":{"line":662,"column":55}},"662":{"start":{"line":663,"column":0},"end":{"line":663,"column":13}},"663":{"start":{"line":664,"column":0},"end":{"line":664,"column":8}},"664":{"start":{"line":665,"column":0},"end":{"line":665,"column":21}},"665":{"start":{"line":666,"column":0},"end":{"line":666,"column":41}},"666":{"start":{"line":667,"column":0},"end":{"line":667,"column":20}},"667":{"start":{"line":668,"column":0},"end":{"line":668,"column":7}},"669":{"start":{"line":670,"column":0},"end":{"line":670,"column":40}},"670":{"start":{"line":671,"column":0},"end":{"line":671,"column":53}},"671":{"start":{"line":672,"column":0},"end":{"line":672,"column":7}},"673":{"start":{"line":674,"column":0},"end":{"line":674,"column":28}},"674":{"start":{"line":675,"column":0},"end":{"line":675,"column":73}},"675":{"start":{"line":676,"column":0},"end":{"line":676,"column":24}},"676":{"start":{"line":677,"column":0},"end":{"line":677,"column":67}},"677":{"start":{"line":678,"column":0},"end":{"line":678,"column":13}},"678":{"start":{"line":679,"column":0},"end":{"line":679,"column":8}},"679":{"start":{"line":680,"column":0},"end":{"line":680,"column":5}},"680":{"start":{"line":681,"column":0},"end":{"line":681,"column":3}},"685":{"start":{"line":686,"column":0},"end":{"line":686,"column":87}},"686":{"start":{"line":687,"column":0},"end":{"line":687,"column":9}},"687":{"start":{"line":688,"column":0},"end":{"line":688,"column":53}},"688":{"start":{"line":689,"column":0},"end":{"line":689,"column":56}},"690":{"start":{"line":691,"column":0},"end":{"line":691,"column":52}},"691":{"start":{"line":692,"column":0},"end":{"line":692,"column":24}},"692":{"start":{"line":693,"column":0},"end":{"line":693,"column":7}},"694":{"start":{"line":695,"column":0},"end":{"line":695,"column":28}},"695":{"start":{"line":696,"column":0},"end":{"line":696,"column":56}},"696":{"start":{"line":697,"column":0},"end":{"line":697,"column":27}},"697":{"start":{"line":698,"column":0},"end":{"line":698,"column":56}},"698":{"start":{"line":699,"column":0},"end":{"line":699,"column":13}},"699":{"start":{"line":700,"column":0},"end":{"line":700,"column":8}},"700":{"start":{"line":701,"column":0},"end":{"line":701,"column":21}},"701":{"start":{"line":702,"column":0},"end":{"line":702,"column":41}},"702":{"start":{"line":703,"column":0},"end":{"line":703,"column":20}},"703":{"start":{"line":704,"column":0},"end":{"line":704,"column":7}},"705":{"start":{"line":706,"column":0},"end":{"line":706,"column":40}},"706":{"start":{"line":707,"column":0},"end":{"line":707,"column":53}},"707":{"start":{"line":708,"column":0},"end":{"line":708,"column":7}},"709":{"start":{"line":710,"column":0},"end":{"line":710,"column":28}},"710":{"start":{"line":711,"column":0},"end":{"line":711,"column":74}},"711":{"start":{"line":712,"column":0},"end":{"line":712,"column":24}},"712":{"start":{"line":713,"column":0},"end":{"line":713,"column":68}},"713":{"start":{"line":714,"column":0},"end":{"line":714,"column":13}},"714":{"start":{"line":715,"column":0},"end":{"line":715,"column":8}},"715":{"start":{"line":716,"column":0},"end":{"line":716,"column":5}},"716":{"start":{"line":717,"column":0},"end":{"line":717,"column":3}},"721":{"start":{"line":722,"column":0},"end":{"line":722,"column":87}},"722":{"start":{"line":723,"column":0},"end":{"line":723,"column":9}},"723":{"start":{"line":724,"column":0},"end":{"line":724,"column":48}},"724":{"start":{"line":725,"column":0},"end":{"line":725,"column":56}},"726":{"start":{"line":727,"column":0},"end":{"line":727,"column":52}},"727":{"start":{"line":728,"column":0},"end":{"line":728,"column":24}},"728":{"start":{"line":729,"column":0},"end":{"line":729,"column":7}},"730":{"start":{"line":731,"column":0},"end":{"line":731,"column":28}},"731":{"start":{"line":732,"column":0},"end":{"line":732,"column":55}},"732":{"start":{"line":733,"column":0},"end":{"line":733,"column":25}},"733":{"start":{"line":734,"column":0},"end":{"line":734,"column":55}},"734":{"start":{"line":735,"column":0},"end":{"line":735,"column":13}},"735":{"start":{"line":736,"column":0},"end":{"line":736,"column":8}},"736":{"start":{"line":737,"column":0},"end":{"line":737,"column":21}},"737":{"start":{"line":738,"column":0},"end":{"line":738,"column":41}},"738":{"start":{"line":739,"column":0},"end":{"line":739,"column":20}},"739":{"start":{"line":740,"column":0},"end":{"line":740,"column":7}},"741":{"start":{"line":742,"column":0},"end":{"line":742,"column":40}},"742":{"start":{"line":743,"column":0},"end":{"line":743,"column":53}},"743":{"start":{"line":744,"column":0},"end":{"line":744,"column":7}},"745":{"start":{"line":746,"column":0},"end":{"line":746,"column":28}},"746":{"start":{"line":747,"column":0},"end":{"line":747,"column":73}},"747":{"start":{"line":748,"column":0},"end":{"line":748,"column":24}},"748":{"start":{"line":749,"column":0},"end":{"line":749,"column":67}},"749":{"start":{"line":750,"column":0},"end":{"line":750,"column":13}},"750":{"start":{"line":751,"column":0},"end":{"line":751,"column":8}},"751":{"start":{"line":752,"column":0},"end":{"line":752,"column":5}},"752":{"start":{"line":753,"column":0},"end":{"line":753,"column":3}},"757":{"start":{"line":758,"column":0},"end":{"line":758,"column":81}},"758":{"start":{"line":759,"column":0},"end":{"line":759,"column":9}},"759":{"start":{"line":760,"column":0},"end":{"line":760,"column":50}},"760":{"start":{"line":761,"column":0},"end":{"line":761,"column":56}},"762":{"start":{"line":763,"column":0},"end":{"line":763,"column":52}},"763":{"start":{"line":764,"column":0},"end":{"line":764,"column":24}},"764":{"start":{"line":765,"column":0},"end":{"line":765,"column":7}},"766":{"start":{"line":767,"column":0},"end":{"line":767,"column":28}},"767":{"start":{"line":768,"column":0},"end":{"line":768,"column":52}},"768":{"start":{"line":769,"column":0},"end":{"line":769,"column":28}},"769":{"start":{"line":770,"column":0},"end":{"line":770,"column":52}},"770":{"start":{"line":771,"column":0},"end":{"line":771,"column":13}},"771":{"start":{"line":772,"column":0},"end":{"line":772,"column":8}},"772":{"start":{"line":773,"column":0},"end":{"line":773,"column":21}},"773":{"start":{"line":774,"column":0},"end":{"line":774,"column":41}},"774":{"start":{"line":775,"column":0},"end":{"line":775,"column":20}},"775":{"start":{"line":776,"column":0},"end":{"line":776,"column":7}},"777":{"start":{"line":778,"column":0},"end":{"line":778,"column":40}},"778":{"start":{"line":779,"column":0},"end":{"line":779,"column":53}},"779":{"start":{"line":780,"column":0},"end":{"line":780,"column":7}},"781":{"start":{"line":782,"column":0},"end":{"line":782,"column":28}},"782":{"start":{"line":783,"column":0},"end":{"line":783,"column":70}},"783":{"start":{"line":784,"column":0},"end":{"line":784,"column":24}},"784":{"start":{"line":785,"column":0},"end":{"line":785,"column":64}},"785":{"start":{"line":786,"column":0},"end":{"line":786,"column":13}},"786":{"start":{"line":787,"column":0},"end":{"line":787,"column":8}},"787":{"start":{"line":788,"column":0},"end":{"line":788,"column":5}},"788":{"start":{"line":789,"column":0},"end":{"line":789,"column":3}},"793":{"start":{"line":794,"column":0},"end":{"line":794,"column":46}},"794":{"start":{"line":795,"column":0},"end":{"line":795,"column":37}},"795":{"start":{"line":796,"column":0},"end":{"line":796,"column":3}},"800":{"start":{"line":801,"column":0},"end":{"line":801,"column":26}},"801":{"start":{"line":802,"column":0},"end":{"line":802,"column":28}},"802":{"start":{"line":803,"column":0},"end":{"line":803,"column":16}},"803":{"start":{"line":804,"column":0},"end":{"line":804,"column":15}},"804":{"start":{"line":805,"column":0},"end":{"line":805,"column":36}},"805":{"start":{"line":806,"column":0},"end":{"line":806,"column":11}},"806":{"start":{"line":807,"column":0},"end":{"line":807,"column":30}},"807":{"start":{"line":808,"column":0},"end":{"line":808,"column":71}},"808":{"start":{"line":809,"column":0},"end":{"line":809,"column":38}},"809":{"start":{"line":810,"column":0},"end":{"line":810,"column":5}},"810":{"start":{"line":811,"column":0},"end":{"line":811,"column":3}},"815":{"start":{"line":816,"column":0},"end":{"line":816,"column":94}},"816":{"start":{"line":817,"column":0},"end":{"line":817,"column":38}},"817":{"start":{"line":818,"column":0},"end":{"line":818,"column":31}},"818":{"start":{"line":819,"column":0},"end":{"line":819,"column":40}},"819":{"start":{"line":820,"column":0},"end":{"line":820,"column":9}},"820":{"start":{"line":821,"column":0},"end":{"line":821,"column":5}},"821":{"start":{"line":822,"column":0},"end":{"line":822,"column":3}},"826":{"start":{"line":827,"column":0},"end":{"line":827,"column":74}},"827":{"start":{"line":828,"column":0},"end":{"line":828,"column":66}},"828":{"start":{"line":829,"column":0},"end":{"line":829,"column":3}},"833":{"start":{"line":834,"column":0},"end":{"line":834,"column":68}},"834":{"start":{"line":835,"column":0},"end":{"line":835,"column":41}},"837":{"start":{"line":838,"column":0},"end":{"line":838,"column":51}},"838":{"start":{"line":839,"column":0},"end":{"line":839,"column":53}},"839":{"start":{"line":840,"column":0},"end":{"line":840,"column":55}},"842":{"start":{"line":843,"column":0},"end":{"line":843,"column":55}},"843":{"start":{"line":844,"column":0},"end":{"line":844,"column":57}},"844":{"start":{"line":845,"column":0},"end":{"line":845,"column":55}},"845":{"start":{"line":846,"column":0},"end":{"line":846,"column":63}},"846":{"start":{"line":847,"column":0},"end":{"line":847,"column":53}},"849":{"start":{"line":850,"column":0},"end":{"line":850,"column":55}},"852":{"start":{"line":853,"column":0},"end":{"line":853,"column":63}},"853":{"start":{"line":854,"column":0},"end":{"line":854,"column":65}},"854":{"start":{"line":855,"column":0},"end":{"line":855,"column":67}},"855":{"start":{"line":856,"column":0},"end":{"line":856,"column":67}},"856":{"start":{"line":857,"column":0},"end":{"line":857,"column":63}},"857":{"start":{"line":858,"column":0},"end":{"line":858,"column":69}},"858":{"start":{"line":859,"column":0},"end":{"line":859,"column":67}},"861":{"start":{"line":862,"column":0},"end":{"line":862,"column":25}},"862":{"start":{"line":863,"column":0},"end":{"line":863,"column":13}},"863":{"start":{"line":864,"column":0},"end":{"line":864,"column":14}},"864":{"start":{"line":865,"column":0},"end":{"line":865,"column":20}},"865":{"start":{"line":866,"column":0},"end":{"line":866,"column":36}},"866":{"start":{"line":867,"column":0},"end":{"line":867,"column":6}},"869":{"start":{"line":870,"column":0},"end":{"line":870,"column":75}},"870":{"start":{"line":871,"column":0},"end":{"line":871,"column":79}},"871":{"start":{"line":872,"column":0},"end":{"line":872,"column":108}},"872":{"start":{"line":873,"column":0},"end":{"line":873,"column":134}},"875":{"start":{"line":876,"column":0},"end":{"line":876,"column":61}},"876":{"start":{"line":877,"column":0},"end":{"line":877,"column":65}},"877":{"start":{"line":878,"column":0},"end":{"line":878,"column":69}},"878":{"start":{"line":879,"column":0},"end":{"line":879,"column":87}},"881":{"start":{"line":882,"column":0},"end":{"line":882,"column":106}},"882":{"start":{"line":883,"column":0},"end":{"line":883,"column":92}},"884":{"start":{"line":885,"column":0},"end":{"line":885,"column":68}},"885":{"start":{"line":886,"column":0},"end":{"line":886,"column":3}},"890":{"start":{"line":891,"column":0},"end":{"line":891,"column":74}},"891":{"start":{"line":892,"column":0},"end":{"line":892,"column":41}},"894":{"start":{"line":895,"column":0},"end":{"line":895,"column":40}},"897":{"start":{"line":898,"column":0},"end":{"line":898,"column":55}},"898":{"start":{"line":899,"column":0},"end":{"line":899,"column":55}},"899":{"start":{"line":900,"column":0},"end":{"line":900,"column":115}},"900":{"start":{"line":901,"column":0},"end":{"line":901,"column":57}},"901":{"start":{"line":902,"column":0},"end":{"line":902,"column":71}},"902":{"start":{"line":903,"column":0},"end":{"line":903,"column":69}},"903":{"start":{"line":904,"column":0},"end":{"line":904,"column":112}},"904":{"start":{"line":905,"column":0},"end":{"line":905,"column":102}},"905":{"start":{"line":906,"column":0},"end":{"line":906,"column":63}},"906":{"start":{"line":907,"column":0},"end":{"line":907,"column":57}},"909":{"start":{"line":910,"column":0},"end":{"line":910,"column":105}},"910":{"start":{"line":911,"column":0},"end":{"line":911,"column":91}},"912":{"start":{"line":913,"column":0},"end":{"line":913,"column":67}},"913":{"start":{"line":914,"column":0},"end":{"line":914,"column":92}},"915":{"start":{"line":916,"column":0},"end":{"line":916,"column":63}},"916":{"start":{"line":917,"column":0},"end":{"line":917,"column":3}},"921":{"start":{"line":922,"column":0},"end":{"line":922,"column":76}},"922":{"start":{"line":923,"column":0},"end":{"line":923,"column":41}},"925":{"start":{"line":926,"column":0},"end":{"line":926,"column":51}},"926":{"start":{"line":927,"column":0},"end":{"line":927,"column":55}},"929":{"start":{"line":930,"column":0},"end":{"line":930,"column":63}},"930":{"start":{"line":931,"column":0},"end":{"line":931,"column":63}},"931":{"start":{"line":932,"column":0},"end":{"line":932,"column":63}},"932":{"start":{"line":933,"column":0},"end":{"line":933,"column":65}},"933":{"start":{"line":934,"column":0},"end":{"line":934,"column":75}},"936":{"start":{"line":937,"column":0},"end":{"line":937,"column":67}},"937":{"start":{"line":938,"column":0},"end":{"line":938,"column":77}},"938":{"start":{"line":939,"column":0},"end":{"line":939,"column":71}},"939":{"start":{"line":940,"column":0},"end":{"line":940,"column":81}},"942":{"start":{"line":943,"column":0},"end":{"line":943,"column":112}},"943":{"start":{"line":944,"column":0},"end":{"line":944,"column":102}},"946":{"start":{"line":947,"column":0},"end":{"line":947,"column":69}},"947":{"start":{"line":948,"column":0},"end":{"line":948,"column":115}},"950":{"start":{"line":951,"column":0},"end":{"line":951,"column":91}},"951":{"start":{"line":952,"column":0},"end":{"line":952,"column":105}},"953":{"start":{"line":954,"column":0},"end":{"line":954,"column":69}},"954":{"start":{"line":955,"column":0},"end":{"line":955,"column":57}},"955":{"start":{"line":956,"column":0},"end":{"line":956,"column":92}},"957":{"start":{"line":958,"column":0},"end":{"line":958,"column":63}},"958":{"start":{"line":959,"column":0},"end":{"line":959,"column":3}},"963":{"start":{"line":964,"column":0},"end":{"line":964,"column":71}},"964":{"start":{"line":965,"column":0},"end":{"line":965,"column":41}},"967":{"start":{"line":968,"column":0},"end":{"line":968,"column":40}},"968":{"start":{"line":969,"column":0},"end":{"line":969,"column":46}},"969":{"start":{"line":970,"column":0},"end":{"line":970,"column":52}},"972":{"start":{"line":973,"column":0},"end":{"line":973,"column":55}},"975":{"start":{"line":976,"column":0},"end":{"line":976,"column":61}},"976":{"start":{"line":977,"column":0},"end":{"line":977,"column":65}},"979":{"start":{"line":980,"column":0},"end":{"line":980,"column":92}},"981":{"start":{"line":982,"column":0},"end":{"line":982,"column":66}},"982":{"start":{"line":983,"column":0},"end":{"line":983,"column":3}},"987":{"start":{"line":988,"column":0},"end":{"line":988,"column":70}},"988":{"start":{"line":989,"column":0},"end":{"line":989,"column":41}},"991":{"start":{"line":992,"column":0},"end":{"line":992,"column":51}},"994":{"start":{"line":995,"column":0},"end":{"line":995,"column":61}},"995":{"start":{"line":996,"column":0},"end":{"line":996,"column":55}},"996":{"start":{"line":997,"column":0},"end":{"line":997,"column":55}},"997":{"start":{"line":998,"column":0},"end":{"line":998,"column":89}},"998":{"start":{"line":999,"column":0},"end":{"line":999,"column":55}},"999":{"start":{"line":1000,"column":0},"end":{"line":1000,"column":57}},"1000":{"start":{"line":1001,"column":0},"end":{"line":1001,"column":59}},"1001":{"start":{"line":1002,"column":0},"end":{"line":1002,"column":53}},"1002":{"start":{"line":1003,"column":0},"end":{"line":1003,"column":92}},"1004":{"start":{"line":1005,"column":0},"end":{"line":1005,"column":64}},"1005":{"start":{"line":1006,"column":0},"end":{"line":1006,"column":3}},"1006":{"start":{"line":1007,"column":0},"end":{"line":1007,"column":1}},"1009":{"start":{"line":1010,"column":0},"end":{"line":1010,"column":47}},"1015":{"start":{"line":1016,"column":0},"end":{"line":1016,"column":33}},"1016":{"start":{"line":1017,"column":0},"end":{"line":1017,"column":25}},"1017":{"start":{"line":1018,"column":0},"end":{"line":1018,"column":31}},"1018":{"start":{"line":1019,"column":0},"end":{"line":1019,"column":17}},"1019":{"start":{"line":1020,"column":0},"end":{"line":1020,"column":52}},"1020":{"start":{"line":1021,"column":0},"end":{"line":1021,"column":1}}},"s":{"0":0,"11":0,"15":0,"16":0,"18":0,"19":0,"20":0,"21":0,"22":0,"23":0,"24":0,"25":0,"26":0,"27":0,"28":0,"34":0,"35":0,"36":0,"38":0,"39":0,"40":0,"41":0,"43":0,"44":0,"45":0,"46":0,"48":0,"49":0,"54":0,"55":0,"56":0,"57":0,"58":0,"59":0,"60":0,"61":0,"62":0,"67":0,"68":0,"69":0,"70":0,"72":0,"74":0,"77":0,"78":0,"80":0,"81":0,"82":0,"83":0,"84":0,"85":0,"86":0,"87":0,"88":0,"89":0,"91":0,"92":0,"93":0,"95":0,"96":0,"97":0,"98":0,"99":0,"100":0,"101":0,"102":0,"107":0,"108":0,"109":0,"111":0,"112":0,"113":0,"114":0,"115":0,"116":0,"117":0,"118":0,"119":0,"120":0,"121":0,"122":0,"123":0,"124":0,"125":0,"126":0,"127":0,"128":0,"129":0,"130":0,"131":0,"132":0,"133":0,"135":0,"136":0,"141":0,"142":0,"143":0,"144":0,"145":0,"146":0,"147":0,"148":0,"149":0,"150":0,"151":0,"152":0,"153":0,"154":0,"159":0,"160":0,"161":0,"162":0,"163":0,"165":0,"166":0,"167":0,"169":0,"170":0,"171":0,"172":0,"173":0,"174":0,"175":0,"176":0,"177":0,"178":0,"180":0,"181":0,"182":0,"184":0,"185":0,"186":0,"187":0,"188":0,"189":0,"190":0,"191":0,"196":0,"197":0,"198":0,"199":0,"200":0,"202":0,"203":0,"204":0,"206":0,"207":0,"208":0,"209":0,"210":0,"211":0,"212":0,"213":0,"218":0,"219":0,"220":0,"221":0,"222":0,"224":0,"225":0,"226":0,"228":0,"229":0,"230":0,"231":0,"232":0,"233":0,"234":0,"235":0,"240":0,"241":0,"242":0,"243":0,"244":0,"245":0,"246":0,"247":0,"249":0,"250":0,"251":0,"253":0,"254":0,"255":0,"256":0,"257":0,"258":0,"259":0,"260":0,"265":0,"266":0,"267":0,"268":0,"269":0,"271":0,"272":0,"273":0,"275":0,"276":0,"277":0,"278":0,"279":0,"280":0,"281":0,"282":0,"287":0,"288":0,"289":0,"290":0,"291":0,"293":0,"294":0,"295":0,"298":0,"299":0,"300":0,"301":0,"303":0,"304":0,"305":0,"306":0,"307":0,"308":0,"309":0,"310":0,"311":0,"312":0,"317":0,"318":0,"319":0,"320":0,"321":0,"323":0,"324":0,"325":0,"327":0,"328":0,"329":0,"330":0,"331":0,"332":0,"333":0,"334":0,"339":0,"340":0,"341":0,"342":0,"343":0,"345":0,"346":0,"347":0,"349":0,"350":0,"351":0,"352":0,"353":0,"354":0,"355":0,"356":0,"361":0,"362":0,"363":0,"364":0,"365":0,"367":0,"368":0,"369":0,"371":0,"372":0,"373":0,"374":0,"375":0,"376":0,"377":0,"378":0,"383":0,"384":0,"385":0,"386":0,"387":0,"389":0,"390":0,"391":0,"393":0,"394":0,"395":0,"396":0,"397":0,"398":0,"399":0,"400":0,"405":0,"406":0,"407":0,"408":0,"409":0,"411":0,"412":0,"413":0,"415":0,"416":0,"417":0,"418":0,"419":0,"420":0,"421":0,"422":0,"427":0,"428":0,"429":0,"430":0,"432":0,"433":0,"434":0,"436":0,"437":0,"438":0,"439":0,"440":0,"441":0,"442":0,"443":0,"444":0,"445":0,"447":0,"448":0,"449":0,"451":0,"452":0,"453":0,"454":0,"455":0,"456":0,"457":0,"458":0,"463":0,"464":0,"465":0,"466":0,"468":0,"469":0,"470":0,"472":0,"473":0,"474":0,"475":0,"476":0,"477":0,"478":0,"479":0,"480":0,"481":0,"483":0,"484":0,"485":0,"487":0,"488":0,"489":0,"490":0,"491":0,"492":0,"493":0,"494":0,"499":0,"500":0,"501":0,"502":0,"504":0,"505":0,"506":0,"508":0,"509":0,"510":0,"511":0,"512":0,"513":0,"514":0,"515":0,"516":0,"517":0,"519":0,"520":0,"521":0,"523":0,"524":0,"525":0,"526":0,"527":0,"528":0,"529":0,"530":0,"535":0,"536":0,"539":0,"540":0,"541":0,"544":0,"545":0,"548":0,"549":0,"550":0,"551":0,"554":0,"555":0,"556":0,"557":0,"558":0,"559":0,"562":0,"563":0,"564":0,"567":0,"568":0,"569":0,"570":0,"571":0,"574":0,"575":0,"576":0,"579":0,"580":0,"583":0,"584":0,"585":0,"586":0,"587":0,"590":0,"591":0,"592":0,"594":0,"595":0,"596":0,"601":0,"602":0,"603":0,"604":0,"606":0,"607":0,"608":0,"613":0,"614":0,"615":0,"616":0,"618":0,"619":0,"620":0,"622":0,"623":0,"624":0,"625":0,"626":0,"627":0,"628":0,"629":0,"630":0,"631":0,"633":0,"634":0,"635":0,"637":0,"638":0,"639":0,"640":0,"641":0,"642":0,"643":0,"644":0,"649":0,"650":0,"651":0,"652":0,"654":0,"655":0,"656":0,"658":0,"659":0,"660":0,"661":0,"662":0,"663":0,"664":0,"665":0,"666":0,"667":0,"669":0,"670":0,"671":0,"673":0,"674":0,"675":0,"676":0,"677":0,"678":0,"679":0,"680":0,"685":0,"686":0,"687":0,"688":0,"690":0,"691":0,"692":0,"694":0,"695":0,"696":0,"697":0,"698":0,"699":0,"700":0,"701":0,"702":0,"703":0,"705":0,"706":0,"707":0,"709":0,"710":0,"711":0,"712":0,"713":0,"714":0,"715":0,"716":0,"721":0,"722":0,"723":0,"724":0,"726":0,"727":0,"728":0,"730":0,"731":0,"732":0,"733":0,"734":0,"735":0,"736":0,"737":0,"738":0,"739":0,"741":0,"742":0,"743":0,"745":0,"746":0,"747":0,"748":0,"749":0,"750":0,"751":0,"752":0,"757":0,"758":0,"759":0,"760":0,"762":0,"763":0,"764":0,"766":0,"767":0,"768":0,"769":0,"770":0,"771":0,"772":0,"773":0,"774":0,"775":0,"777":0,"778":0,"779":0,"781":0,"782":0,"783":0,"784":0,"785":0,"786":0,"787":0,"788":0,"793":0,"794":0,"795":0,"800":0,"801":0,"802":0,"803":0,"804":0,"805":0,"806":0,"807":0,"808":0,"809":0,"810":0,"815":0,"816":0,"817":0,"818":0,"819":0,"820":0,"821":0,"826":0,"827":0,"828":0,"833":0,"834":0,"837":0,"838":0,"839":0,"842":0,"843":0,"844":0,"845":0,"846":0,"849":0,"852":0,"853":0,"854":0,"855":0,"856":0,"857":0,"858":0,"861":0,"862":0,"863":0,"864":0,"865":0,"866":0,"869":0,"870":0,"871":0,"872":0,"875":0,"876":0,"877":0,"878":0,"881":0,"882":0,"884":0,"885":0,"890":0,"891":0,"894":0,"897":0,"898":0,"899":0,"900":0,"901":0,"902":0,"903":0,"904":0,"905":0,"906":0,"909":0,"910":0,"912":0,"913":0,"915":0,"916":0,"921":0,"922":0,"925":0,"926":0,"929":0,"930":0,"931":0,"932":0,"933":0,"936":0,"937":0,"938":0,"939":0,"942":0,"943":0,"946":0,"947":0,"950":0,"951":0,"953":0,"954":0,"955":0,"957":0,"958":0,"963":0,"964":0,"967":0,"968":0,"969":0,"972":0,"975":0,"976":0,"979":0,"981":0,"982":0,"987":0,"988":0,"991":0,"994":0,"995":0,"996":0,"997":0,"998":0,"999":0,"1000":0,"1001":0,"1002":0,"1004":0,"1005":0,"1006":0,"1009":0,"1015":0,"1016":0,"1017":0,"1018":0,"1019":0,"1020":0},"branchMap":{"0":{"type":"branch","line":1,"loc":{"start":{"line":1,"column":31303},"end":{"line":1021,"column":1}},"locations":[{"start":{"line":1,"column":31303},"end":{"line":1021,"column":1}}]}},"b":{"0":[0]},"fnMap":{"0":{"name":"(empty-report)","decl":{"start":{"line":1,"column":31303},"end":{"line":1021,"column":1}},"loc":{"start":{"line":1,"column":31303},"end":{"line":1021,"column":1}},"line":1}},"f":{"0":0}}
,"/Users/dap9rb/Projects/MCPs/LifeUp/src/client/types.ts": {"path":"/Users/dap9rb/Projects/MCPs/LifeUp/src/client/types.ts","all":true,"statementMap":{},"s":{},"branchMap":{"0":{"type":"branch","line":1,"loc":{"start":{"line":1,"column":6172},"end":{"line":304,"column":1}},"locations":[{"start":{"line":1,"column":6172},"end":{"line":304,"column":1}}]}},"b":{"0":[1]},"fnMap":{"0":{"name":"(empty-report)","decl":{"start":{"line":1,"column":6172},"end":{"line":304,"column":1}},"loc":{"start":{"line":1,"column":6172},"end":{"line":304,"column":1}},"line":1}},"f":{"0":1}}
,"/Users/dap9rb/Projects/MCPs/LifeUp/src/config/config.ts": {"path":"/Users/dap9rb/Projects/MCPs/LifeUp/src/config/config.ts","all":false,"statementMap":{"0":{"start":{"line":1,"column":0},"end":{"line":1,"column":3}},"10":{"start":{"line":11,"column":0},"end":{"line":11,"column":50}},"11":{"start":{"line":12,"column":0},"end":{"line":12,"column":38}},"12":{"start":{"line":13,"column":0},"end":{"line":13,"column":49}},"13":{"start":{"line":14,"column":0},"end":{"line":14,"column":54}},"25":{"start":{"line":26,"column":0},"end":{"line":26,"column":28}},"28":{"start":{"line":29,"column":0},"end":{"line":29,"column":50}},"29":{"start":{"line":30,"column":0},"end":{"line":30,"column":83}},"30":{"start":{"line":31,"column":0},"end":{"line":31,"column":105}},"31":{"start":{"line":32,"column":0},"end":{"line":32,"column":73}},"32":{"start":{"line":33,"column":0},"end":{"line":33,"column":69}},"34":{"start":{"line":35,"column":0},"end":{"line":35,"column":19}},"35":{"start":{"line":36,"column":0},"end":{"line":36,"column":11}},"36":{"start":{"line":37,"column":0},"end":{"line":37,"column":11}},"37":{"start":{"line":38,"column":0},"end":{"line":38,"column":67}},"38":{"start":{"line":39,"column":0},"end":{"line":39,"column":62}},"39":{"start":{"line":40,"column":0},"end":{"line":40,"column":60}},"40":{"start":{"line":41,"column":0},"end":{"line":41,"column":60}},"41":{"start":{"line":42,"column":0},"end":{"line":42,"column":12}},"42":{"start":{"line":43,"column":0},"end":{"line":43,"column":6}},"43":{"start":{"line":44,"column":0},"end":{"line":44,"column":3}},"49":{"start":{"line":50,"column":0},"end":{"line":50,"column":67}},"50":{"start":{"line":51,"column":0},"end":{"line":51,"column":40}},"51":{"start":{"line":52,"column":0},"end":{"line":52,"column":3}},"53":{"start":{"line":54,"column":0},"end":{"line":54,"column":29}},"54":{"start":{"line":55,"column":0},"end":{"line":55,"column":23}},"55":{"start":{"line":56,"column":0},"end":{"line":56,"column":3}},"57":{"start":{"line":58,"column":0},"end":{"line":58,"column":24}},"58":{"start":{"line":59,"column":0},"end":{"line":59,"column":31}},"59":{"start":{"line":60,"column":0},"end":{"line":60,"column":3}},"61":{"start":{"line":62,"column":0},"end":{"line":62,"column":37}},"62":{"start":{"line":63,"column":0},"end":{"line":63,"column":32}},"63":{"start":{"line":64,"column":0},"end":{"line":64,"column":3}},"65":{"start":{"line":66,"column":0},"end":{"line":66,"column":34}},"66":{"start":{"line":67,"column":0},"end":{"line":67,"column":28}},"67":{"start":{"line":68,"column":0},"end":{"line":68,"column":63}},"68":{"start":{"line":69,"column":0},"end":{"line":69,"column":3}},"70":{"start":{"line":71,"column":0},"end":{"line":71,"column":34}},"71":{"start":{"line":72,"column":0},"end":{"line":72,"column":28}},"72":{"start":{"line":73,"column":0},"end":{"line":73,"column":63}},"73":{"start":{"line":74,"column":0},"end":{"line":74,"column":3}},"75":{"start":{"line":76,"column":0},"end":{"line":76,"column":26}},"76":{"start":{"line":77,"column":0},"end":{"line":77,"column":29}},"77":{"start":{"line":78,"column":0},"end":{"line":78,"column":3}},"79":{"start":{"line":80,"column":0},"end":{"line":80,"column":49}},"80":{"start":{"line":81,"column":0},"end":{"line":81,"column":28}},"81":{"start":{"line":82,"column":0},"end":{"line":82,"column":76}},"82":{"start":{"line":83,"column":0},"end":{"line":83,"column":5}},"83":{"start":{"line":84,"column":0},"end":{"line":84,"column":3}},"84":{"start":{"line":85,"column":0},"end":{"line":85,"column":1}},"87":{"start":{"line":88,"column":0},"end":{"line":88,"column":49}},"93":{"start":{"line":94,"column":0},"end":{"line":94,"column":84}},"94":{"start":{"line":95,"column":0},"end":{"line":95,"column":41}},"95":{"start":{"line":96,"column":0},"end":{"line":96,"column":1}}},"s":{"0":1,"10":1,"11":1,"12":1,"13":1,"25":1,"28":1,"29":1,"30":1,"31":1,"32":1,"34":1,"35":1,"36":1,"37":1,"38":1,"39":1,"40":1,"41":1,"42":1,"43":1,"49":1,"50":0,"51":0,"53":1,"54":0,"55":0,"57":1,"58":0,"59":0,"61":1,"62":0,"63":0,"65":1,"66":0,"67":0,"68":0,"70":1,"71":0,"72":0,"73":0,"75":1,"76":0,"77":0,"79":1,"80":0,"81":0,"82":0,"83":0,"84":1,"87":1,"93":1,"94":0,"95":0},"branchMap":{"0":{"type":"branch","line":29,"loc":{"start":{"line":29,"column":2},"end":{"line":44,"column":3}},"locations":[{"start":{"line":29,"column":2},"end":{"line":44,"column":3}}]},"1":{"type":"branch","line":30,"loc":{"start":{"line":30,"column":17},"end":{"line":30,"column":36}},"locations":[{"start":{"line":30,"column":17},"end":{"line":30,"column":36}}]},"2":{"type":"branch","line":30,"loc":{"start":{"line":30,"column":48},"end":{"line":30,"column":83}},"locations":[{"start":{"line":30,"column":48},"end":{"line":30,"column":83}}]},"3":{"type":"branch","line":31,"loc":{"start":{"line":31,"column":17},"end":{"line":31,"column":36}},"locations":[{"start":{"line":31,"column":17},"end":{"line":31,"column":36}}]},"4":{"type":"branch","line":31,"loc":{"start":{"line":31,"column":57},"end":{"line":31,"column":101}},"locations":[{"start":{"line":31,"column":57},"end":{"line":31,"column":101}}]},"5":{"type":"branch","line":32,"loc":{"start":{"line":32,"column":21},"end":{"line":32,"column":44}},"locations":[{"start":{"line":32,"column":21},"end":{"line":32,"column":44}}]},"6":{"type":"branch","line":33,"loc":{"start":{"line":33,"column":18},"end":{"line":33,"column":39}},"locations":[{"start":{"line":33,"column":18},"end":{"line":33,"column":39}}]},"7":{"type":"branch","line":38,"loc":{"start":{"line":38,"column":16},"end":{"line":38,"column":46}},"locations":[{"start":{"line":38,"column":16},"end":{"line":38,"column":46}}]},"8":{"type":"branch","line":38,"loc":{"start":{"line":38,"column":42},"end":{"line":38,"column":57}},"locations":[{"start":{"line":38,"column":42},"end":{"line":38,"column":57}}]},"9":{"type":"branch","line":39,"loc":{"start":{"line":39,"column":15},"end":{"line":39,"column":37}},"locations":[{"start":{"line":39,"column":15},"end":{"line":39,"column":37}}]},"10":{"type":"branch","line":40,"loc":{"start":{"line":40,"column":15},"end":{"line":40,"column":37}},"locations":[{"start":{"line":40,"column":15},"end":{"line":40,"column":37}}]},"11":{"type":"branch","line":41,"loc":{"start":{"line":41,"column":15},"end":{"line":41,"column":37}},"locations":[{"start":{"line":41,"column":15},"end":{"line":41,"column":37}}]}},"b":{"0":[1],"1":[0],"2":[0],"3":[0],"4":[0],"5":[0],"6":[0],"7":[0],"8":[0],"9":[0],"10":[0],"11":[0]},"fnMap":{"0":{"name":"ConfigManager","decl":{"start":{"line":29,"column":2},"end":{"line":44,"column":3}},"loc":{"start":{"line":29,"column":2},"end":{"line":44,"column":3}},"line":29},"1":{"name":"create","decl":{"start":{"line":50,"column":9},"end":{"line":52,"column":3}},"loc":{"start":{"line":50,"column":9},"end":{"line":52,"column":3}},"line":50},"2":{"name":"getConfig","decl":{"start":{"line":54,"column":2},"end":{"line":56,"column":3}},"loc":{"start":{"line":54,"column":2},"end":{"line":56,"column":3}},"line":54},"3":{"name":"getBaseUrl","decl":{"start":{"line":58,"column":2},"end":{"line":60,"column":3}},"loc":{"start":{"line":58,"column":2},"end":{"line":60,"column":3}},"line":58},"4":{"name":"getApiToken","decl":{"start":{"line":62,"column":2},"end":{"line":64,"column":3}},"loc":{"start":{"line":62,"column":2},"end":{"line":64,"column":3}},"line":62},"5":{"name":"updateHost","decl":{"start":{"line":66,"column":2},"end":{"line":69,"column":3}},"loc":{"start":{"line":66,"column":2},"end":{"line":69,"column":3}},"line":66},"6":{"name":"updatePort","decl":{"start":{"line":71,"column":2},"end":{"line":74,"column":3}},"loc":{"start":{"line":71,"column":2},"end":{"line":74,"column":3}},"line":71},"7":{"name":"isDebugMode","decl":{"start":{"line":76,"column":2},"end":{"line":78,"column":3}},"loc":{"start":{"line":76,"column":2},"end":{"line":78,"column":3}},"line":76},"8":{"name":"logIfDebug","decl":{"start":{"line":80,"column":2},"end":{"line":84,"column":3}},"loc":{"start":{"line":80,"column":2},"end":{"line":84,"column":3}},"line":80},"9":{"name":"createTestConfig","decl":{"start":{"line":94,"column":7},"end":{"line":96,"column":1}},"loc":{"start":{"line":94,"column":7},"end":{"line":96,"column":1}},"line":94}},"f":{"0":1,"1":0,"2":0,"3":0,"4":0,"5":0,"6":0,"7":0,"8":0,"9":0}}
,"/Users/dap9rb/Projects/MCPs/LifeUp/src/config/validation.ts": {"path":"/Users/dap9rb/Projects/MCPs/LifeUp/src/config/validation.ts","all":false,"statementMap":{"0":{"start":{"line":1,"column":0},"end":{"line":1,"column":3}},"6":{"start":{"line":7,"column":0},"end":{"line":7,"column":42}},"7":{"start":{"line":8,"column":0},"end":{"line":8,"column":9}},"8":{"start":{"line":9,"column":0},"end":{"line":9,"column":13}},"9":{"start":{"line":10,"column":0},"end":{"line":10,"column":40}},"10":{"start":{"line":11,"column":0},"end":{"line":11,"column":56}},"11":{"start":{"line":12,"column":0},"end":{"line":12,"column":83}},"12":{"start":{"line":13,"column":0},"end":{"line":13,"column":78}},"13":{"start":{"line":14,"column":0},"end":{"line":14,"column":83}},"14":{"start":{"line":15,"column":0},"end":{"line":15,"column":84}},"15":{"start":{"line":16,"column":0},"end":{"line":16,"column":81}},"16":{"start":{"line":17,"column":0},"end":{"line":17,"column":13}},"17":{"start":{"line":18,"column":0},"end":{"line":18,"column":61}},"18":{"start":{"line":19,"column":0},"end":{"line":19,"column":50}},"19":{"start":{"line":20,"column":0},"end":{"line":20,"column":16}},"20":{"start":{"line":21,"column":0},"end":{"line":21,"column":89}},"21":{"start":{"line":22,"column":0},"end":{"line":22,"column":3}},"23":{"start":{"line":24,"column":0},"end":{"line":24,"column":43}},"24":{"start":{"line":25,"column":0},"end":{"line":25,"column":77}},"25":{"start":{"line":26,"column":0},"end":{"line":26,"column":16}},"26":{"start":{"line":27,"column":0},"end":{"line":27,"column":13}},"27":{"start":{"line":28,"column":0},"end":{"line":28,"column":58}},"28":{"start":{"line":29,"column":0},"end":{"line":29,"column":16}},"29":{"start":{"line":30,"column":0},"end":{"line":30,"column":75}},"30":{"start":{"line":31,"column":0},"end":{"line":31,"column":87}},"31":{"start":{"line":32,"column":0},"end":{"line":32,"column":3}},"33":{"start":{"line":34,"column":0},"end":{"line":34,"column":43}},"34":{"start":{"line":35,"column":0},"end":{"line":35,"column":86}},"35":{"start":{"line":36,"column":0},"end":{"line":36,"column":10}},"36":{"start":{"line":37,"column":0},"end":{"line":37,"column":13}},"37":{"start":{"line":38,"column":0},"end":{"line":38,"column":39}},"38":{"start":{"line":39,"column":0},"end":{"line":39,"column":42}},"39":{"start":{"line":40,"column":0},"end":{"line":40,"column":15}},"40":{"start":{"line":41,"column":0},"end":{"line":41,"column":18}},"41":{"start":{"line":42,"column":0},"end":{"line":42,"column":3}},"43":{"start":{"line":44,"column":0},"end":{"line":44,"column":48}},"44":{"start":{"line":45,"column":0},"end":{"line":45,"column":55}},"45":{"start":{"line":46,"column":0},"end":{"line":46,"column":77}},"46":{"start":{"line":47,"column":0},"end":{"line":47,"column":3}},"48":{"start":{"line":49,"column":0},"end":{"line":49,"column":47}},"49":{"start":{"line":50,"column":0},"end":{"line":50,"column":77}},"50":{"start":{"line":51,"column":0},"end":{"line":51,"column":16}},"51":{"start":{"line":52,"column":0},"end":{"line":52,"column":13}},"52":{"start":{"line":53,"column":0},"end":{"line":53,"column":58}},"53":{"start":{"line":54,"column":0},"end":{"line":54,"column":16}},"54":{"start":{"line":55,"column":0},"end":{"line":55,"column":84}},"55":{"start":{"line":56,"column":0},"end":{"line":56,"column":84}},"56":{"start":{"line":57,"column":0},"end":{"line":57,"column":3}},"58":{"start":{"line":59,"column":0},"end":{"line":59,"column":52}},"59":{"start":{"line":60,"column":0},"end":{"line":60,"column":71}},"60":{"start":{"line":61,"column":0},"end":{"line":61,"column":93}},"61":{"start":{"line":62,"column":0},"end":{"line":62,"column":63}},"62":{"start":{"line":63,"column":0},"end":{"line":63,"column":3}},"64":{"start":{"line":65,"column":0},"end":{"line":65,"column":42}},"65":{"start":{"line":66,"column":0},"end":{"line":66,"column":65}},"66":{"start":{"line":67,"column":0},"end":{"line":67,"column":65}},"67":{"start":{"line":68,"column":0},"end":{"line":68,"column":3}},"69":{"start":{"line":70,"column":0},"end":{"line":70,"column":49}},"70":{"start":{"line":71,"column":0},"end":{"line":71,"column":104}},"71":{"start":{"line":72,"column":0},"end":{"line":72,"column":73}},"72":{"start":{"line":73,"column":0},"end":{"line":73,"column":83}},"73":{"start":{"line":74,"column":0},"end":{"line":74,"column":66}},"74":{"start":{"line":75,"column":0},"end":{"line":75,"column":77}},"75":{"start":{"line":76,"column":0},"end":{"line":76,"column":80}},"76":{"start":{"line":77,"column":0},"end":{"line":77,"column":86}},"77":{"start":{"line":78,"column":0},"end":{"line":78,"column":86}},"78":{"start":{"line":79,"column":0},"end":{"line":79,"column":46}},"79":{"start":{"line":80,"column":0},"end":{"line":80,"column":76}},"80":{"start":{"line":81,"column":0},"end":{"line":81,"column":81}},"81":{"start":{"line":82,"column":0},"end":{"line":82,"column":33}},"82":{"start":{"line":83,"column":0},"end":{"line":83,"column":102}},"83":{"start":{"line":84,"column":0},"end":{"line":84,"column":50}},"84":{"start":{"line":85,"column":0},"end":{"line":85,"column":40}},"85":{"start":{"line":86,"column":0},"end":{"line":86,"column":3}},"87":{"start":{"line":88,"column":0},"end":{"line":88,"column":49}},"88":{"start":{"line":89,"column":0},"end":{"line":89,"column":72}},"89":{"start":{"line":90,"column":0},"end":{"line":90,"column":83}},"90":{"start":{"line":91,"column":0},"end":{"line":91,"column":84}},"91":{"start":{"line":92,"column":0},"end":{"line":92,"column":83}},"92":{"start":{"line":93,"column":0},"end":{"line":93,"column":66}},"93":{"start":{"line":94,"column":0},"end":{"line":94,"column":77}},"94":{"start":{"line":95,"column":0},"end":{"line":95,"column":80}},"95":{"start":{"line":96,"column":0},"end":{"line":96,"column":86}},"96":{"start":{"line":97,"column":0},"end":{"line":97,"column":61}},"97":{"start":{"line":98,"column":0},"end":{"line":98,"column":60}},"98":{"start":{"line":99,"column":0},"end":{"line":99,"column":86}},"99":{"start":{"line":100,"column":0},"end":{"line":100,"column":46}},"100":{"start":{"line":101,"column":0},"end":{"line":101,"column":76}},"101":{"start":{"line":102,"column":0},"end":{"line":102,"column":81}},"102":{"start":{"line":103,"column":0},"end":{"line":103,"column":33}},"103":{"start":{"line":104,"column":0},"end":{"line":104,"column":86}},"104":{"start":{"line":105,"column":0},"end":{"line":105,"column":35}},"105":{"start":{"line":106,"column":0},"end":{"line":106,"column":3}},"107":{"start":{"line":108,"column":0},"end":{"line":108,"column":49}},"108":{"start":{"line":109,"column":0},"end":{"line":109,"column":72}},"109":{"start":{"line":110,"column":0},"end":{"line":110,"column":3}},"112":{"start":{"line":113,"column":0},"end":{"line":113,"column":40}},"113":{"start":{"line":114,"column":0},"end":{"line":114,"column":71}},"114":{"start":{"line":115,"column":0},"end":{"line":115,"column":73}},"115":{"start":{"line":116,"column":0},"end":{"line":116,"column":76}},"116":{"start":{"line":117,"column":0},"end":{"line":117,"column":76}},"117":{"start":{"line":118,"column":0},"end":{"line":118,"column":80}},"118":{"start":{"line":119,"column":0},"end":{"line":119,"column":72}},"119":{"start":{"line":120,"column":0},"end":{"line":120,"column":85}},"120":{"start":{"line":121,"column":0},"end":{"line":121,"column":77}},"121":{"start":{"line":122,"column":0},"end":{"line":122,"column":86}},"122":{"start":{"line":123,"column":0},"end":{"line":123,"column":80}},"123":{"start":{"line":124,"column":0},"end":{"line":124,"column":41}},"124":{"start":{"line":125,"column":0},"end":{"line":125,"column":82}},"125":{"start":{"line":126,"column":0},"end":{"line":126,"column":82}},"126":{"start":{"line":127,"column":0},"end":{"line":127,"column":85}},"127":{"start":{"line":128,"column":0},"end":{"line":128,"column":91}},"128":{"start":{"line":129,"column":0},"end":{"line":129,"column":89}},"129":{"start":{"line":130,"column":0},"end":{"line":130,"column":86}},"130":{"start":{"line":131,"column":0},"end":{"line":131,"column":76}},"131":{"start":{"line":132,"column":0},"end":{"line":132,"column":88}},"132":{"start":{"line":133,"column":0},"end":{"line":133,"column":41}},"133":{"start":{"line":134,"column":0},"end":{"line":134,"column":54}},"134":{"start":{"line":135,"column":0},"end":{"line":135,"column":76}},"135":{"start":{"line":136,"column":0},"end":{"line":136,"column":35}},"136":{"start":{"line":137,"column":0},"end":{"line":137,"column":86}},"137":{"start":{"line":138,"column":0},"end":{"line":138,"column":46}},"138":{"start":{"line":139,"column":0},"end":{"line":139,"column":40}},"139":{"start":{"line":140,"column":0},"end":{"line":140,"column":33}},"140":{"start":{"line":141,"column":0},"end":{"line":141,"column":10}},"141":{"start":{"line":142,"column":0},"end":{"line":142,"column":87}},"142":{"start":{"line":143,"column":0},"end":{"line":143,"column":66}},"143":{"start":{"line":144,"column":0},"end":{"line":144,"column":2}},"146":{"start":{"line":147,"column":0},"end":{"line":147,"column":42}},"147":{"start":{"line":148,"column":0},"end":{"line":148,"column":66}},"148":{"start":{"line":149,"column":0},"end":{"line":149,"column":27}},"149":{"start":{"line":150,"column":0},"end":{"line":150,"column":3}},"152":{"start":{"line":153,"column":0},"end":{"line":153,"column":45}},"153":{"start":{"line":154,"column":0},"end":{"line":154,"column":35}},"154":{"start":{"line":155,"column":0},"end":{"line":155,"column":67}},"155":{"start":{"line":156,"column":0},"end":{"line":156,"column":3}},"158":{"start":{"line":159,"column":0},"end":{"line":159,"column":43}},"159":{"start":{"line":160,"column":0},"end":{"line":160,"column":97}},"160":{"start":{"line":161,"column":0},"end":{"line":161,"column":83}},"161":{"start":{"line":162,"column":0},"end":{"line":162,"column":60}},"162":{"start":{"line":163,"column":0},"end":{"line":163,"column":99}},"163":{"start":{"line":164,"column":0},"end":{"line":164,"column":74}},"164":{"start":{"line":165,"column":0},"end":{"line":165,"column":92}},"165":{"start":{"line":166,"column":0},"end":{"line":166,"column":88}},"166":{"start":{"line":167,"column":0},"end":{"line":167,"column":43}},"167":{"start":{"line":168,"column":0},"end":{"line":168,"column":3
[...]
,"/Users/dap9rb/Projects/MCPs/LifeUp/src/tools/user-info-tools.ts": {"path":"/Users/dap9rb/Projects/MCPs/LifeUp/src/tools/user-info-tools.ts","all":true,"statementMap":{"0":{"start":{"line":1,"column":0},"end":{"line":1,"column":3}},"9":{"start":{"line":10,"column":0},"end":{"line":10,"column":28}},"13":{"start":{"line":14,"column":0},"end":{"line":14,"column":46}},"14":{"start":{"line":15,"column":0},"end":{"line":15,"column":9}},"15":{"start":{"line":16,"column":0},"end":{"line":16,"column":57}},"16":{"start":{"line":17,"column":0},"end":{"line":17,"column":23}},"17":{"start":{"line":18,"column":0},"end":{"line":18,"column":30}},"18":{"start":{"line":19,"column":0},"end":{"line":19,"column":41}},"19":{"start":{"line":20,"column":0},"end":{"line":20,"column":31}},"20":{"start":{"line":21,"column":0},"end":{"line":21,"column":49}},"21":{"start":{"line":22,"column":0},"end":{"line":22,"column":14}},"22":{"start":{"line":23,"column":0},"end":{"line":23,"column":10}},"23":{"start":{"line":24,"column":0},"end":{"line":24,"column":7}},"25":{"start":{"line":26,"column":0},"end":{"line":26,"column":52}},"27":{"start":{"line":28,"column":0},"end":{"line":28,"column":32}},"28":{"start":{"line":29,"column":0},"end":{"line":29,"column":83}},"29":{"start":{"line":30,"column":0},"end":{"line":30,"column":7}},"31":{"start":{"line":32,"column":0},"end":{"line":32,"column":35}},"32":{"start":{"line":33,"column":0},"end":{"line":33,"column":57}},"34":{"start":{"line":35,"column":0},"end":{"line":35,"column":33}},"35":{"start":{"line":36,"column":0},"end":{"line":36,"column":40}},"36":{"start":{"line":37,"column":0},"end":{"line":37,"column":48}},"37":{"start":{"line":38,"column":0},"end":{"line":38,"column":61}},"40":{"start":{"line":41,"column":0},"end":{"line":41,"column":69}},"41":{"start":{"line":42,"column":0},"end":{"line":42,"column":43}},"42":{"start":{"line":43,"column":0},"end":{"line":43,"column":16}},"43":{"start":{"line":44,"column":0},"end":{"line":44,"column":79}},"44":{"start":{"line":45,"column":0},"end":{"line":45,"column":12}},"45":{"start":{"line":46,"column":0},"end":{"line":46,"column":115}},"46":{"start":{"line":47,"column":0},"end":{"line":47,"column":9}},"48":{"start":{"line":49,"column":0},"end":{"line":49,"column":46}},"49":{"start":{"line":50,"column":0},"end":{"line":50,"column":59}},"50":{"start":{"line":51,"column":0},"end":{"line":51,"column":9}},"51":{"start":{"line":52,"column":0},"end":{"line":52,"column":23}},"52":{"start":{"line":53,"column":0},"end":{"line":53,"column":9}},"54":{"start":{"line":55,"column":0},"end":{"line":55,"column":20}},"55":{"start":{"line":56,"column":0},"end":{"line":56,"column":21}},"56":{"start":{"line":57,"column":0},"end":{"line":57,"column":41}},"57":{"start":{"line":58,"column":0},"end":{"line":58,"column":70}},"58":{"start":{"line":59,"column":0},"end":{"line":59,"column":7}},"59":{"start":{"line":60,"column":0},"end":{"line":60,"column":68}},"60":{"start":{"line":61,"column":0},"end":{"line":61,"column":5}},"61":{"start":{"line":62,"column":0},"end":{"line":62,"column":3}},"66":{"start":{"line":67,"column":0},"end":{"line":67,"column":47}},"67":{"start":{"line":68,"column":0},"end":{"line":68,"column":9}},"68":{"start":{"line":69,"column":0},"end":{"line":69,"column":57}},"69":{"start":{"line":70,"column":0},"end":{"line":70,"column":23}},"70":{"start":{"line":71,"column":0},"end":{"line":71,"column":30}},"71":{"start":{"line":72,"column":0},"end":{"line":72,"column":41}},"72":{"start":{"line":73,"column":0},"end":{"line":73,"column":31}},"73":{"start":{"line":74,"column":0},"end":{"line":74,"column":49}},"74":{"start":{"line":75,"column":0},"end":{"line":75,"column":14}},"75":{"start":{"line":76,"column":0},"end":{"line":76,"column":10}},"76":{"start":{"line":77,"column":0},"end":{"line":77,"column":7}},"78":{"start":{"line":79,"column":0},"end":{"line":79,"column":48}},"80":{"start":{"line":81,"column":0},"end":{"line":81,"column":18}},"81":{"start":{"line":82,"column":0},"end":{"line":82,"column":70}},"82":{"start":{"line":83,"column":0},"end":{"line":83,"column":7}},"84":{"start":{"line":85,"column":0},"end":{"line":85,"column":41}},"86":{"start":{"line":87,"column":0},"end":{"line":87,"column":28}},"87":{"start":{"line":88,"column":0},"end":{"line":88,"column":58}},"88":{"start":{"line":89,"column":0},"end":{"line":89,"column":7}},"90":{"start":{"line":91,"column":0},"end":{"line":91,"column":37}},"91":{"start":{"line":92,"column":0},"end":{"line":92,"column":47}},"92":{"start":{"line":93,"column":0},"end":{"line":93,"column":7}},"94":{"start":{"line":95,"column":0},"end":{"line":95,"column":42}},"95":{"start":{"line":96,"column":0},"end":{"line":96,"column":66}},"96":{"start":{"line":97,"column":0},"end":{"line":97,"column":7}},"98":{"start":{"line":99,"column":0},"end":{"line":99,"column":25}},"99":{"start":{"line":100,"column":0},"end":{"line":100,"column":58}},"100":{"start":{"line":101,"column":0},"end":{"line":101,"column":7}},"103":{"start":{"line":104,"column":0},"end":{"line":104,"column":73}},"104":{"start":{"line":105,"column":0},"end":{"line":105,"column":133}},"106":{"start":{"line":107,"column":0},"end":{"line":107,"column":33}},"107":{"start":{"line":108,"column":0},"end":{"line":108,"column":44}},"108":{"start":{"line":109,"column":0},"end":{"line":109,"column":36}},"109":{"start":{"line":110,"column":0},"end":{"line":110,"column":49}},"110":{"start":{"line":111,"column":0},"end":{"line":111,"column":11}},"111":{"start":{"line":112,"column":0},"end":{"line":112,"column":7}},"113":{"start":{"line":114,"column":0},"end":{"line":114,"column":20}},"114":{"start":{"line":115,"column":0},"end":{"line":115,"column":21}},"115":{"start":{"line":116,"column":0},"end":{"line":116,"column":41}},"116":{"start":{"line":117,"column":0},"end":{"line":117,"column":70}},"117":{"start":{"line":118,"column":0},"end":{"line":118,"column":7}},"118":{"start":{"line":119,"column":0},"end":{"line":119,"column":71}},"119":{"start":{"line":120,"column":0},"end":{"line":120,"column":5}},"120":{"start":{"line":121,"column":0},"end":{"line":121,"column":3}},"125":{"start":{"line":126,"column":0},"end":{"line":126,"column":50}},"126":{"start":{"line":127,"column":0},"end":{"line":127,"column":9}},"127":{"start":{"line":128,"column":0},"end":{"line":128,"column":57}},"128":{"start":{"line":129,"column":0},"end":{"line":129,"column":23}},"129":{"start":{"line":130,"column":0},"end":{"line":130,"column":30}},"130":{"start":{"line":131,"column":0},"end":{"line":131,"column":41}},"131":{"start":{"line":132,"column":0},"end":{"line":132,"column":31}},"132":{"start":{"line":133,"column":0},"end":{"line":133,"column":49}},"133":{"start":{"line":134,"column":0},"end":{"line":134,"column":14}},"134":{"start":{"line":135,"column":0},"end":{"line":135,"column":10}},"135":{"start":{"line":136,"column":0},"end":{"line":136,"column":7}},"137":{"start":{"line":138,"column":0},"end":{"line":138,"column":56}},"139":{"start":{"line":140,"column":0},"end":{"line":140,"column":22}},"140":{"start":{"line":141,"column":0},"end":{"line":141,"column":70}},"141":{"start":{"line":142,"column":0},"end":{"line":142,"column":7}},"143":{"start":{"line":144,"column":0},"end":{"line":144,"column":41}},"146":{"start":{"line":147,"column":0},"end":{"line":147,"column":41}},"148":{"start":{"line":149,"column":0},"end":{"line":149,"column":33}},"149":{"start":{"line":150,"column":0},"end":{"line":150,"column":60}},"150":{"start":{"line":151,"column":0},"end":{"line":151,"column":9}},"151":{"start":{"line":152,"column":0},"end":{"line":152,"column":36}},"152":{"start":{"line":153,"column":0},"end":{"line":153,"column":57}},"153":{"start":{"line":154,"column":0},"end":{"line":154,"column":9}},"154":{"start":{"line":155,"column":0},"end":{"line":155,"column":32}},"155":{"start":{"line":156,"column":0},"end":{"line":156,"column":57}},"156":{"start":{"line":157,"column":0},"end":{"line":157,"column":9}},"159":{"start":{"line":160,"column":0},"end":{"line":160,"column":52}},"160":{"start":{"line":161,"column":0},"end":{"line":161,"column":146}},"162":{"start":{"line":163,"column":0},"end":{"line":163,"column":35}},"163":{"start":{"line":164,"column":0},"end":{"line":164,"column":38}},"164":{"start":{"line":165,"column":0},"end":{"line":165,"column":55}},"165":{"start":{"line":166,"column":0},"end":{"line":166,"column":13}},"166":{"start":{"line":167,"column":0},"end":{"line":167,"column":9}},"167":{"start":{"line":168,"column":0},"end":{"line":168,"column":48}},"169":{"start":{"line":170,"column":0},"end":{"line":170,"column":53}},"170":{"start":{"line":171,"column":0},"end":{"line":171,"column":7}},"172":{"start":{"line":173,"column":0},"end":{"line":173,"column":20}},"173":{"start":{"line":174,"column":0},"end":{"line":174,"column":21}},"174":{"start":{"line":175,"column":0},"end":{"line":175,"column":41}},"175":{"start":{"line":176,"column":0},"end":{"line":176,"column":70}},"176":{"start":{"line":177,"column":0},"end":{"line":177,"column":7}},"177":{"start":{"line":178,"column":0},"end":{"line":178,"column":74}},"178":{"start":{"line":179,"column":0},"end":{"line":179,"column":5}},"179":{"start":{"line":180,"column":0},"end":{"line":180,"column":3}},"180":{"start":{"line":181,"column":0},"end":{"line":181,"column":1}}},"s":{"0":0,"9":0,"13":0,"14":0,"15":0,"16":0,"17":0,"18":0,"19":0,"20":0,"21":0,"22":0,"23":0,"25":0,"27":0,"28":0,"29":0,"31":0,"32":0,"34":0,"35":0,"36":0,"37":0,"40":0,"41":0,"42":0,"43":0,"44":0,"45":0,"46":0,"48":0,"49":0,"50":0,"51":0,"52":0,"54":0,"55":0,"56":0,"57":0,"58":0,"59":0,"60":0,"61":0,"66":0,"67":0,"68":0,"69":0,"70":0,"71":0,"72":0,"73":0,"74":0,"75":0,"76":0,"78":0,"80":0,"81":0,"82":0,"84":0,"86":0,"87":0,"88":0,"90":0,"91":0,"92":0,"94":0,"95":0,"96":0,"98":0,"99":0,"100":0,"103":0,"104":0,"106":0,"107":0,"108":0,"109":0,"110":0,"111":0,"113":0,"114":0,"115":0,"116":0,"117":0,"118":0,"119":0,"120":0,"125":0,"126":0,"127":0,"128":0,"129":0,"130":0,"131":0,"132":0,"133":0,"134":0,"135":0,"137":0,"139":0,"140":0,"141":0,"143":0,"146":0,"148":0,"149":0,"150":0,"151":0,"152":0,"153":0,"154":0,"155":0,"156":0,"159":0,"160":0,"162":0,"163":0,"164":0,"165":0,"166":0,"167":0,"169":0,"170":0,"172":0,"173":0,"174":0,"175":0,"176":0,"177":0,"178":0,"179":0,"180":0},"branchMap":{"0":{"type":"branch","line":1,"loc":{"start":{"line":1,"column":5564},"end":{"line":181,"column":1}},"locations":[{"start":{"line":1,"column":5564},"end":{"line":181,"column":1}}]}},"b":{"0":[0]},"fnMap":{"0":{"name":"(empty-report)","decl":{"start":{"line":1,"column":5564},"end":{"line":181,"column":1}},"loc":{"start":{"line":1,"column":5564},"end":{"line":181,"column":1}},"line":1}},"f":{"0":0}}
,"/Users/dap9rb/Projects/MCPs/LifeUp/src/utils/achievement-matching.ts": {"path":"/Users/dap9rb/Projects/MCPs/LifeUp/src/utils/achievement-matching.ts","all":false,"statementMap":{"7":{"start":{"line":8,"column":0},"end":{"line":8,"column":30}},"8":{"start":{"line":9,"column":0},"end":{"line":9,"column":84}},"9":{"start":{"line":10,"column":0},"end":{"line":10,"column":77}},"10":{"start":{"line":11,"column":0},"end":{"line":11,"column":83}},"11":{"start":{"line":12,"column":0},"end":{"line":12,"column":86}},"12":{"start":{"line":13,"column":0},"end":{"line":13,"column":83}},"13":{"start":{"line":14,"column":0},"end":{"line":14,"column":23}},"14":{"start":{"line":15,"column":0},"end":{"line":15,"column":3}},"23":{"start":{"line":24,"column":0},"end":{"line":24,"column":57}},"24":{"start":{"line":25,"column":0},"end":{"line":25,"column":13}},"25":{"start":{"line":26,"column":0},"end":{"line":26,"column":18}},"26":{"start":{"line":27,"column":0},"end":{"line":27,"column":22}},"27":{"start":{"line":28,"column":0},"end":{"line":28,"column":65}},"28":{"start":{"line":29,"column":0},"end":{"line":29,"column":17}},"29":{"start":{"line":30,"column":0},"end":{"line":30,"column":1}},"40":{"start":{"line":41,"column":0},"end":{"line":41,"column":28}},"41":{"start":{"line":42,"column":0},"end":{"line":42,"column":19}},"42":{"start":{"line":43,"column":0},"end":{"line":43,"column":22}},"43":{"start":{"line":44,"column":0},"end":{"line":44,"column":21}},"44":{"start":{"line":45,"column":0},"end":{"line":45,"column":28}},"45":{"start":{"line":46,"column":0},"end":{"line":46,"column":46}},"48":{"start":{"line":49,"column":0},"end":{"line":49,"column":49}},"50":{"start":{"line":51,"column":0},"end":{"line":51,"column":41}},"51":{"start":{"line":52,"column":0},"end":{"line":52,"column":23}},"52":{"start":{"line":53,"column":0},"end":{"line":53,"column":38}},"54":{"start":{"line":55,"column":0},"end":{"line":55,"column":117}},"55":{"start":{"line":56,"column":0},"end":{"line":56,"column":66}},"58":{"start":{"line":59,"column":0},"end":{"line":59,"column":39}},"59":{"start":{"line":60,"column":0},"end":{"line":60,"column":46}},"60":{"start":{"line":61,"column":0},"end":{"line":61,"column":25}},"61":{"start":{"line":62,"column":0},"end":{"line":62,"column":51}},"62":{"start":{"line":63,"column":0},"end":{"line":63,"column":7}},"63":{"start":{"line":64,"column":0},"end":{"line":64,"column":7}},"66":{"start":{"line":67,"column":0},"end":{"line":67,"column":58}},"67":{"start":{"line":68,"column":0},"end":{"line":68,"column":72}},"68":{"start":{"line":69,"column":0},"end":{"line":69,"column":6}},"69":{"start":{"line":70,"column":0},"end":{"line":70,"column":41}},"70":{"start":{"line":71,"column":0},"end":{"line":71,"column":23}},"71":{"start":{"line":72,"column":0},"end":{"line":72,"column":5}},"74":{"start":{"line":75,"column":0},"end":{"line":75,"column":63}},"75":{"start":{"line":76,"column":0},"end":{"line":76,"column":23}},"76":{"start":{"line":77,"column":0},"end":{"line":77,"column":41}},"77":{"start":{"line":78,"column":0},"end":{"line":78,"column":5}},"79":{"start":{"line":80,"column":0},"end":{"line":80,"column":25}},"80":{"start":{"line":81,"column":0},"end":{"line":81,"column":20}},"81":{"start":{"line":82,"column":0},"end":{"line":82,"column":20}},"82":{"start":{"line":83,"column":0},"end":{"line":83,"column":46}},"83":{"start":{"line":84,"column":0},"end":{"line":84,"column":69}},"84":{"start":{"line":85,"column":0},"end":{"line":85,"column":9}},"85":{"start":{"line":86,"column":0},"end":{"line":86,"column":5}},"86":{"start":{"line":87,"column":0},"end":{"line":87,"column":5}},"89":{"start":{"line":90,"column":0},"end":{"line":90,"column":73}},"90":{"start":{"line":91,"column":0},"end":{"line":91,"column":1}}},"s":{"7":1,"8":1,"9":1,"10":1,"11":1,"12":1,"13":1,"14":1,"23":1,"24":270,"25":270,"26":270,"27":270,"28":270,"29":270,"40":1,"41":35,"42":35,"43":35,"44":35,"45":35,"48":35,"50":35,"51":210,"52":210,"54":210,"55":210,"58":210,"59":392,"60":74,"61":74,"62":74,"63":210,"66":210,"67":392,"68":210,"69":210,"70":66,"71":66,"74":210,"75":4,"76":4,"77":4,"79":210,"80":70,"81":70,"82":70,"83":70,"84":70,"85":70,"86":35,"89":35,"90":35},"branchMap":{"0":{"type":"branch","line":24,"loc":{"start":{"line":24,"column":7},"end":{"line":30,"column":1}},"locations":[{"start":{"line":24,"column":7},"end":{"line":30,"column":1}}]},"1":{"type":"branch","line":28,"loc":{"start":{"line":28,"column":12},"end":{"line":28,"column":64}},"locations":[{"start":{"line":28,"column":12},"end":{"line":28,"column":64}}]},"2":{"type":"branch","line":28,"loc":{"start":{"line":28,"column":36},"end":{"line":28,"column":64}},"locations":[{"start":{"line":28,"column":36},"end":{"line":28,"column":64}}]},"3":{"type":"branch","line":41,"loc":{"start":{"line":41,"column":7},"end":{"line":91,"column":1}},"locations":[{"start":{"line":41,"column":7},"end":{"line":91,"column":1}}]},"4":{"type":"branch","line":51,"loc":{"start":{"line":51,"column":23},"end":{"line":87,"column":3}},"locations":[{"start":{"line":51,"column":23},"end":{"line":87,"column":3}}]},"5":{"type":"branch","line":55,"loc":{"start":{"line":55,"column":63},"end":{"line":55,"column":98}},"locations":[{"start":{"line":55,"column":63},"end":{"line":55,"column":98}}]},"6":{"type":"branch","line":55,"loc":{"start":{"line":55,"column":90},"end":{"line":55,"column":100}},"locations":[{"start":{"line":55,"column":90},"end":{"line":55,"column":100}}]},"7":{"type":"branch","line":70,"loc":{"start":{"line":70,"column":40},"end":{"line":72,"column":5}},"locations":[{"start":{"line":70,"column":40},"end":{"line":72,"column":5}}]},"8":{"type":"branch","line":75,"loc":{"start":{"line":75,"column":8},"end":{"line":75,"column":62}},"locations":[{"start":{"line":75,"column":8},"end":{"line":75,"column":62}}]},"9":{"type":"branch","line":75,"loc":{"start":{"line":75,"column":62},"end":{"line":78,"column":5}},"locations":[{"start":{"line":75,"column":62},"end":{"line":78,"column":5}}]},"10":{"type":"branch","line":80,"loc":{"start":{"line":80,"column":24},"end":{"line":86,"column":5}},"locations":[{"start":{"line":80,"column":24},"end":{"line":86,"column":5}}]},"11":{"type":"branch","line":59,"loc":{"start":{"line":59,"column":25},"end":{"line":64,"column":5}},"locations":[{"start":{"line":59,"column":25},"end":{"line":64,"column":5}}]},"12":{"type":"branch","line":60,"loc":{"start":{"line":60,"column":45},"end":{"line":63,"column":7}},"locations":[{"start":{"line":60,"column":45},"end":{"line":63,"column":7}}]},"13":{"type":"branch","line":67,"loc":{"start":{"line":67,"column":52},"end":{"line":68,"column":72}},"locations":[{"start":{"line":67,"column":52},"end":{"line":68,"column":72}}]},"14":{"type":"branch","line":68,"loc":{"start":{"line":68,"column":31},"end":{"line":68,"column":71}},"locations":[{"start":{"line":68,"column":31},"end":{"line":68,"column":71}}]},"15":{"type":"branch","line":68,"loc":{"start":{"line":68,"column":52},"end":{"line":68,"column":71}},"locations":[{"start":{"line":68,"column":52},"end":{"line":68,"column":71}}]},"16":{"type":"branch","line":90,"loc":{"start":{"line":90,"column":22},"end":{"line":90,"column":59}},"locations":[{"start":{"line":90,"column":22},"end":{"line":90,"column":59}}]}},"b":{"0":[270],"1":[691],"2":[636],"3":[35],"4":[210],"5":[2],"6":[2],"7":[66],"8":[14],"9":[4],"10":[70],"11":[392],"12":[74],"13":[392],"14":[776],"15":[705],"16":[50]},"fnMap":{"0":{"name":"extractKeywords","decl":{"start":{"line":24,"column":7},"end":{"line":30,"column":1}},"loc":{"start":{"line":24,"column":7},"end":{"line":30,"column":1}},"line":24},"1":{"name":"findMatches","decl":{"start":{"line":41,"column":7},"end":{"line":91,"column":1}},"loc":{"start":{"line":41,"column":7},"end":{"line":91,"column":1}},"line":41}},"f":{"0":270,"1":35}}
}
